<?xml version="1.0" encoding="UTF-8"?>
<testsuite name="org.r3.tdh.kyc.SampleDriverBasedTest" tests="1" skipped="0" failures="0" errors="0" timestamp="2020-04-22T16:31:19" hostname="GARRYs-I9-MBP" time="24.054">
  <properties/>
  <testcase name="nodeTest" classname="org.r3.tdh.kyc.SampleDriverBasedTest" time="24.054"/>
  <system-out><![CDATA[?[37m[INFO] 17:31:21,858 [driver-pool-thread-0] network.NodeInfoFilesCopier. - Now watching: /Users/garryjackson/Documents/GitHub/quickstart/quickstart-swisspost/workflows/build/node-driver/20200422-163119.336/NotaryService
?[m?[37m[INFO] 17:31:22,228 [driver-pool-thread-1] internal.DriverDSLImpl. - Starting in-process Node Notary Service
?[m?[37m[INFO] 17:31:22,321 [driver-pool-thread-1] cordapp.JarScanningCordappLoader. - Looking for CorDapps in [/Users/garryjackson/Documents/GitHub/quickstart/quickstart-swisspost/workflows/build/node-driver/20200422-163119.336/NotaryService/cordapps]
?[m?[37m[INFO] 17:31:22,334 [driver-pool-thread-1] cordapp.JarScanningCordappLoader. - Loading CorDapps from RestrictedURL(url=file:/Users/garryjackson/Documents/GitHub/quickstart/quickstart-swisspost/workflows/build/node-driver/20200422-163119.336/NotaryService/cordapps/custom-cordapp_1_6_eaf16366-ea36-4d96-8ef3-290e07ee48f6.jar, rootPackageName=null)
?[m?[37m[INFO] 17:31:22,340 [driver-pool-thread-1] cordapp.JarScanningCordappLoader. - Scanning CorDapp in file:/Users/garryjackson/Documents/GitHub/quickstart/quickstart-swisspost/workflows/build/node-driver/20200422-163119.336/NotaryService/cordapps/custom-cordapp_1_6_eaf16366-ea36-4d96-8ef3-290e07ee48f6.jar
?[m?[37m[INFO] 17:31:22,912 [driver-pool-thread-1] internal.Node. - Flow external operation executor has a max of 10 threads
?[m?[37m[INFO] 17:31:22,937 [driver-pool-thread-1] internal.Node. - Node starting up ...
?[m?[37m[INFO] 17:31:22,978 [driver-pool-thread-1] internal.NodeFlowManager. - Registered org.r3.tdh.kyc.flows.Initiator to initiate org.r3.tdh.kyc.flows.Responder (version 1)
?[m?[37m[INFO] 17:31:23,077 [driver-pool-thread-1] internal.Node. - Loaded network parameters: NetworkParameters {
      minimumPlatformVersion=1
      notaries=[NotaryInfo(identity=O=Notary Service, L=Zurich, C=CH, validating=true)]
      maxMessageSize=10485760
      maxTransactionSize=524288000
      whitelistedContractImplementations {
        
      }
      eventHorizon=PT720H
      packageOwnership {
        
      }
      modifiedTime=2020-04-22T16:31:19.353Z
      epoch=1
  }
?[m?[37m[INFO] 17:31:23,123 [driver-pool-thread-1] hikari.HikariDataSource. - HikariPool-1 - Starting...
?[m?[37m[INFO] 17:31:23,742 [driver-pool-thread-1] hikari.HikariDataSource. - HikariPool-1 - Start completed.
?[m?[37m[INFO] 17:31:26,090 [driver-pool-thread-1] changelog.StandardChangeLogHistoryService. - Creating database history table with name: PUBLIC.DATABASECHANGELOG
?[m?[37m[INFO] 17:31:26,093 [driver-pool-thread-1] jvm.JdbcExecutor. - CREATE TABLE PUBLIC.DATABASECHANGELOG (ID VARCHAR(255) NOT NULL, AUTHOR VARCHAR(255) NOT NULL, FILENAME VARCHAR(255) NOT NULL, DATEEXECUTED TIMESTAMP NOT NULL, ORDEREXECUTED INT NOT NULL, EXECTYPE VARCHAR(10) NOT NULL, MD5SUM VARCHAR(35), DESCRIPTION VARCHAR(255), COMMENTS VARCHAR(255), TAG VARCHAR(255), LIQUIBASE VARCHAR(20), CONTEXTS VARCHAR(255), LABELS VARCHAR(255), DEPLOYMENT_ID VARCHAR(10))
?[m?[37m[INFO] 17:31:26,096 [driver-pool-thread-1] jvm.JdbcExecutor. - SELECT COUNT(*) FROM PUBLIC.DATABASECHANGELOG
?[m?[37m[INFO] 17:31:26,099 [driver-pool-thread-1] changelog.StandardChangeLogHistoryService. - Reading from PUBLIC.DATABASECHANGELOG
?[m?[37m[INFO] 17:31:26,099 [driver-pool-thread-1] jvm.JdbcExecutor. - SELECT * FROM PUBLIC.DATABASECHANGELOG ORDER BY DATEEXECUTED ASC, ORDEREXECUTED ASC
?[m?[37m[INFO] 17:31:26,101 [driver-pool-thread-1] jvm.JdbcExecutor. - SELECT COUNT(*) FROM PUBLIC.DATABASECHANGELOGLOCK
?[m?[37m[INFO] 17:31:26,102 [driver-pool-thread-1] jvm.JdbcExecutor. - CREATE TABLE PUBLIC.DATABASECHANGELOGLOCK (ID INT NOT NULL, LOCKED BOOLEAN NOT NULL, LOCKGRANTED TIMESTAMP, LOCKEDBY VARCHAR(255), CONSTRAINT PK_DATABASECHANGELOGLOCK PRIMARY KEY (ID))
?[m?[37m[INFO] 17:31:26,109 [driver-pool-thread-1] jvm.JdbcExecutor. - SELECT COUNT(*) FROM PUBLIC.DATABASECHANGELOGLOCK
?[m?[37m[INFO] 17:31:26,109 [driver-pool-thread-1] jvm.JdbcExecutor. - DELETE FROM PUBLIC.DATABASECHANGELOGLOCK
?[m?[37m[INFO] 17:31:26,110 [driver-pool-thread-1] jvm.JdbcExecutor. - INSERT INTO PUBLIC.DATABASECHANGELOGLOCK (ID, LOCKED) VALUES (1, FALSE)
?[m?[37m[INFO] 17:31:26,145 [driver-pool-thread-1] visitor.ValidatingVisitor. - Skipping change set migration/vault-schema.changelog-pkey.xml::non-clustered_pk-11::R3.Corda due to validation error(s): clustered is not allowed on h2 {changeSet=migration/vault-schema.changelog-pkey.xml::non-clustered_pk-11::R3.Corda, databaseChangeLog=master.changelog.json}
?[m?[37m[INFO] 17:31:26,147 [driver-pool-thread-1] visitor.ValidatingVisitor. - Skipping change set migration/vault-schema.changelog-pkey.xml::non-clustered_pk-12::R3.Corda due to validation error(s): clustered is not allowed on h2 {changeSet=migration/vault-schema.changelog-pkey.xml::non-clustered_pk-12::R3.Corda, databaseChangeLog=master.changelog.json}
?[m?[37m[INFO] 17:31:26,148 [driver-pool-thread-1] visitor.ValidatingVisitor. - Skipping change set migration/vault-schema.changelog-pkey.xml::non-clustered_pk-13::R3.Corda due to validation error(s): clustered is not allowed on h2 {changeSet=migration/vault-schema.changelog-pkey.xml::non-clustered_pk-13::R3.Corda, databaseChangeLog=master.changelog.json}
?[m?[37m[INFO] 17:31:26,184 [driver-pool-thread-1] visitor.ValidatingVisitor. - Skipping change set migration/node-core.changelog-pkey.xml::non-clustered_pk-1::R3.Corda due to validation error(s): clustered is not allowed on h2 {changeSet=migration/node-core.changelog-pkey.xml::non-clustered_pk-1::R3.Corda, databaseChangeLog=master.changelog.json}
?[m?[37m[INFO] 17:31:26,184 [driver-pool-thread-1] visitor.ValidatingVisitor. - Skipping change set migration/node-core.changelog-pkey.xml::non-clustered_pk-2::R3.Corda due to validation error(s): clustered is not allowed on h2 {changeSet=migration/node-core.changelog-pkey.xml::non-clustered_pk-2::R3.Corda, databaseChangeLog=master.changelog.json}
?[m?[37m[INFO] 17:31:26,185 [driver-pool-thread-1] visitor.ValidatingVisitor. - Skipping change set migration/node-core.changelog-pkey.xml::non-clustered_pk-3::R3.Corda due to validation error(s): clustered is not allowed on h2 {changeSet=migration/node-core.changelog-pkey.xml::non-clustered_pk-3::R3.Corda, databaseChangeLog=master.changelog.json}
?[m?[37m[INFO] 17:31:26,185 [driver-pool-thread-1] visitor.ValidatingVisitor. - Skipping change set migration/node-core.changelog-pkey.xml::non-clustered_pk-4::R3.Corda due to validation error(s): clustered is not allowed on h2 {changeSet=migration/node-core.changelog-pkey.xml::non-clustered_pk-4::R3.Corda, databaseChangeLog=master.changelog.json}
?[m?[37m[INFO] 17:31:26,186 [driver-pool-thread-1] visitor.ValidatingVisitor. - Skipping change set migration/node-core.changelog-pkey.xml::non-clustered_pk-5::R3.Corda due to validation error(s): clustered is not allowed on h2 {changeSet=migration/node-core.changelog-pkey.xml::non-clustered_pk-5::R3.Corda, databaseChangeLog=master.changelog.json}
?[m?[37m[INFO] 17:31:26,186 [driver-pool-thread-1] visitor.ValidatingVisitor. - Skipping change set migration/node-core.changelog-pkey.xml::non-clustered_pk-6::R3.Corda due to validation error(s): clustered is not allowed on h2 {changeSet=migration/node-core.changelog-pkey.xml::non-clustered_pk-6::R3.Corda, databaseChangeLog=master.changelog.json}
?[m?[37m[INFO] 17:31:26,186 [driver-pool-thread-1] visitor.ValidatingVisitor. - Skipping change set migration/node-core.changelog-pkey.xml::non-clustered_pk-7::R3.Corda due to validation error(s): clustered is not allowed on h2 {changeSet=migration/node-core.changelog-pkey.xml::non-clustered_pk-7::R3.Corda, databaseChangeLog=master.changelog.json}
?[m?[37m[INFO] 17:31:26,200 [driver-pool-thread-1] visitor.ValidatingVisitor. - Skipping change set migration/node-notary.changelog-pkey.xml::non-clustered_pk-notary_state::R3.Corda due to validation error(s): clustered is not allowed on h2 {changeSet=migration/node-notary.changelog-pkey.xml::non-clustered_pk-notary_state::R3.Corda, databaseChangeLog=master.changelog.json}
?[m?[37m[INFO] 17:31:26,203 [driver-pool-thread-1] jvm.JdbcExecutor. - SELECT COUNT(*) FROM PUBLIC.DATABASECHANGELOGLOCK
?[m?[37m[INFO] 17:31:26,204 [driver-pool-thread-1] jvm.JdbcExecutor. - SELECT LOCKED FROM PUBLIC.DATABASECHANGELOGLOCK WHERE ID=1
?[m?[37m[INFO] 17:31:26,214 [driver-pool-thread-1] lockservice.StandardLockService. - Successfully acquired change log lock
?[m?[37m[INFO] 17:31:26,224 [driver-pool-thread-1] visitor.ValidatingVisitor. - Skipping change set migration/vault-schema.changelog-pkey.xml::non-clustered_pk-11::R3.Corda due to validation error(s): clustered is not allowed on h2 {changeSet=migration/vault-schema.changelog-pkey.xml::non-clustered_pk-11::R3.Corda, databaseChangeLog=master.changelog.json}
?[m?[37m[INFO] 17:31:26,224 [driver-pool-thread-1] visitor.ValidatingVisitor. - Skipping change set migration/vault-schema.changelog-pkey.xml::non-clustered_pk-12::R3.Corda due to validation error(s): clustered is not allowed on h2 {changeSet=migration/vault-schema.changelog-pkey.xml::non-clustered_pk-12::R3.Corda, databaseChangeLog=master.changelog.json}
?[m?[37m[INFO] 17:31:26,224 [driver-pool-thread-1] visitor.ValidatingVisitor. - Skipping change set migration/vault-schema.changelog-pkey.xml::non-clustered_pk-13::R3.Corda due to validation error(s): clustered is not allowed on h2 {changeSet=migration/vault-schema.changelog-pkey.xml::non-clustered_pk-13::R3.Corda, databaseChangeLog=master.changelog.json}
?[m?[37m[INFO] 17:31:26,233 [driver-pool-thread-1] visitor.ValidatingVisitor. - Skipping change set migration/node-core.changelog-pkey.xml::non-clustered_pk-1::R3.Corda due to validation error(s): clustered is not allowed on h2 {changeSet=migration/node-core.changelog-pkey.xml::non-clustered_pk-1::R3.Corda, databaseChangeLog=master.changelog.json}
?[m?[37m[INFO] 17:31:26,234 [driver-pool-thread-1] visitor.ValidatingVisitor. - Skipping change set migration/node-core.changelog-pkey.xml::non-clustered_pk-2::R3.Corda due to validation error(s): clustered is not allowed on h2 {changeSet=migration/node-core.changelog-pkey.xml::non-clustered_pk-2::R3.Corda, databaseChangeLog=master.changelog.json}
?[m?[37m[INFO] 17:31:26,234 [driver-pool-thread-1] visitor.ValidatingVisitor. - Skipping change set migration/node-core.changelog-pkey.xml::non-clustered_pk-3::R3.Corda due to validation error(s): clustered is not allowed on h2 {changeSet=migration/node-core.changelog-pkey.xml::non-clustered_pk-3::R3.Corda, databaseChangeLog=master.changelog.json}
?[m?[37m[INFO] 17:31:26,234 [driver-pool-thread-1] visitor.ValidatingVisitor. - Skipping change set migration/node-core.changelog-pkey.xml::non-clustered_pk-4::R3.Corda due to validation error(s): clustered is not allowed on h2 {changeSet=migration/node-core.changelog-pkey.xml::non-clustered_pk-4::R3.Corda, databaseChangeLog=master.changelog.json}
?[m?[37m[INFO] 17:31:26,234 [driver-pool-thread-1] visitor.ValidatingVisitor. - Skipping change set migration/node-core.changelog-pkey.xml::non-clustered_pk-5::R3.Corda due to validation error(s): clustered is not allowed on h2 {changeSet=migration/node-core.changelog-pkey.xml::non-clustered_pk-5::R3.Corda, databaseChangeLog=master.changelog.json}
?[m?[37m[INFO] 17:31:26,234 [driver-pool-thread-1] visitor.ValidatingVisitor. - Skipping change set migration/node-core.changelog-pkey.xml::non-clustered_pk-6::R3.Corda due to validation error(s): clustered is not allowed on h2 {changeSet=migration/node-core.changelog-pkey.xml::non-clustered_pk-6::R3.Corda, databaseChangeLog=master.changelog.json}
?[m?[37m[INFO] 17:31:26,234 [driver-pool-thread-1] visitor.ValidatingVisitor. - Skipping change set migration/node-core.changelog-pkey.xml::non-clustered_pk-7::R3.Corda due to validation error(s): clustered is not allowed on h2 {changeSet=migration/node-core.changelog-pkey.xml::non-clustered_pk-7::R3.Corda, databaseChangeLog=master.changelog.json}
?[m?[37m[INFO] 17:31:26,238 [driver-pool-thread-1] visitor.ValidatingVisitor. - Skipping change set migration/node-notary.changelog-pkey.xml::non-clustered_pk-notary_state::R3.Corda due to validation error(s): clustered is not allowed on h2 {changeSet=migration/node-notary.changelog-pkey.xml::non-clustered_pk-notary_state::R3.Corda, databaseChangeLog=master.changelog.json}
?[m?[37m[INFO] 17:31:26,241 [driver-pool-thread-1] jvm.JdbcExecutor. - SELECT SEQUENCE_NAME FROM INFORMATION_SCHEMA.SEQUENCES WHERE SEQUENCE_SCHEMA = 'null' AND IS_GENERATED=FALSE {changeSet=migration/common.changelog-init.xml::1511451595465-1.1::R3.Corda, databaseChangeLog=master.changelog.json}
?[m?[37m[INFO] 17:31:26,247 [driver-pool-thread-1] jvm.JdbcExecutor. - SELECT SEQUENCE_NAME FROM INFORMATION_SCHEMA.SEQUENCES WHERE SEQUENCE_SCHEMA = 'PUBLIC' AND IS_GENERATED=FALSE {changeSet=migration/common.changelog-init.xml::1511451595465-1.1::R3.Corda, databaseChangeLog=master.changelog.json}
?[m?[37m[INFO] 17:31:26,248 [driver-pool-thread-1] jvm.JdbcExecutor. - CREATE SEQUENCE PUBLIC.hibernate_sequence {changeSet=migration/common.changelog-init.xml::1511451595465-1.1::R3.Corda, databaseChangeLog=master.changelog.json}
?[m?[37m[INFO] 17:31:26,253 [driver-pool-thread-1] changelog.ChangeSet. - Sequence hibernate_sequence created {changeSet=migration/common.changelog-init.xml::1511451595465-1.1::R3.Corda, databaseChangeLog=master.changelog.json}
?[m?[37m[INFO] 17:31:26,253 [driver-pool-thread-1] changelog.ChangeSet. - ChangeSet migration/common.changelog-init.xml::1511451595465-1.1::R3.Corda ran successfully in 13ms {changeSet=migration/common.changelog-init.xml::1511451595465-1.1::R3.Corda, databaseChangeLog=master.changelog.json}
?[m?[37m[INFO] 17:31:26,254 [driver-pool-thread-1] jvm.JdbcExecutor. - SELECT MAX(ORDEREXECUTED) FROM PUBLIC.DATABASECHANGELOG {changeSet=migration/common.changelog-init.xml::1511451595465-1.1::R3.Corda, databaseChangeLog=master.changelog.json}
?[m?[37m[INFO] 17:31:26,270 [driver-pool-thread-1] jvm.JdbcExecutor. - INSERT INTO PUBLIC.DATABASECHANGELOG (ID, AUTHOR, FILENAME, DATEEXECUTED, ORDEREXECUTED, MD5SUM, DESCRIPTION, COMMENTS, EXECTYPE, CONTEXTS, LABELS, LIQUIBASE, DEPLOYMENT_ID) VALUES ('1511451595465-1.1', 'R3.Corda', 'migration/common.changelog-init.xml', NOW(), 1, '8:9df4ee4464a4a10dfcf2717c73a52620', 'createSequence sequenceName=hibernate_sequence', '', 'EXECUTED', NULL, NULL, '3.6.3', '7573086214') {changeSet=migration/common.changelog-init.xml::1511451595465-1.1::R3.Corda, databaseChangeLog=master.changelog.json}
?[m?[37m[INFO] 17:31:26,277 [driver-pool-thread-1] jvm.JdbcExecutor. - CREATE TABLE PUBLIC.vault_fungible_states (output_index INT NOT NULL, transaction_id NVARCHAR(64) NOT NULL, issuer_name NVARCHAR(255), issuer_ref VARBINARY(512), owner_name NVARCHAR(255), quantity BIGINT) {changeSet=migration/vault-schema.changelog-init.xml::1511451595465-22::R3.Corda, databaseChangeLog=master.changelog.json}
?[m?[37m[INFO] 17:31:26,278 [driver-pool-thread-1] changelog.ChangeSet. - Table vault_fungible_states created {changeSet=migration/vault-schema.changelog-init.xml::1511451595465-22::R3.Corda, databaseChangeLog=master.changelog.json}
?[m?[37m[INFO] 17:31:26,278 [driver-pool-thread-1] changelog.ChangeSet. - ChangeSet migration/vault-schema.changelog-init.xml::1511451595465-22::R3.Corda ran successfully in 3ms {changeSet=migration/vault-schema.changelog-init.xml::1511451595465-22::R3.Corda, databaseChangeLog=master.changelog.json}
?[m?[37m[INFO] 17:31:26,278 [driver-pool-thread-1] jvm.JdbcExecutor. - INSERT INTO PUBLIC.DATABASECHANGELOG (ID, AUTHOR, FILENAME, DATEEXECUTED, ORDEREXECUTED, MD5SUM, DESCRIPTION, COMMENTS, EXECTYPE, CONTEXTS, LABELS, LIQUIBASE, DEPLOYMENT_ID) VALUES ('1511451595465-22', 'R3.Corda', 'migration/vault-schema.changelog-init.xml', NOW(), 2, '8:4ae481f11ac84744a4392bbfd533fa75', 'createTable tableName=vault_fungible_states', '', 'EXECUTED', NULL, NULL, '3.6.3', '7573086214') {changeSet=migration/vault-schema.changelog-init.xml::1511451595465-22::R3.Corda, databaseChangeLog=master.changelog.json}
?[m?[37m[INFO] 17:31:26,280 [driver-pool-thread-1] jvm.JdbcExecutor. - CREATE TABLE PUBLIC.vault_fungible_states_parts (output_index INT NOT NULL, transaction_id NVARCHAR(64) NOT NULL, participants NVARCHAR(255)) {changeSet=migration/vault-schema.changelog-init.xml::1511451595465-23::R3.Corda, databaseChangeLog=master.changelog.json}
?[m?[37m[INFO] 17:31:26,282 [driver-pool-thread-1] changelog.ChangeSet. - Table vault_fungible_states_parts created {changeSet=migration/vault-schema.changelog-init.xml::1511451595465-23::R3.Corda, databaseChangeLog=master.changelog.json}
?[m?[37m[INFO] 17:31:26,282 [driver-pool-thread-1] changelog.ChangeSet. - ChangeSet migration/vault-schema.changelog-init.xml::1511451595465-23::R3.Corda ran successfully in 3ms {changeSet=migration/vault-schema.changelog-init.xml::1511451595465-23::R3.Corda, databaseChangeLog=master.changelog.json}
?[m?[37m[INFO] 17:31:26,283 [driver-pool-thread-1] jvm.JdbcExecutor. - INSERT INTO PUBLIC.DATABASECHANGELOG (ID, AUTHOR, FILENAME, DATEEXECUTED, ORDEREXECUTED, MD5SUM, DESCRIPTION, COMMENTS, EXECTYPE, CONTEXTS, LABELS, LIQUIBASE, DEPLOYMENT_ID) VALUES ('1511451595465-23', 'R3.Corda', 'migration/vault-schema.changelog-init.xml', NOW(), 3, '8:3222255d3b2e04b9dfad42d9acab103e', 'createTable tableName=vault_fungible_states_parts', '', 'EXECUTED', NULL, NULL, '3.6.3', '7573086214') {changeSet=migration/vault-schema.changelog-init.xml::1511451595465-23::R3.Corda, databaseChangeLog=master.changelog.json}
?[m?[37m[INFO] 17:31:26,284 [driver-pool-thread-1] jvm.JdbcExecutor. - CREATE TABLE PUBLIC.vault_linear_states (output_index INT NOT NULL, transaction_id NVARCHAR(64) NOT NULL, external_id NVARCHAR(255), uuid VARCHAR(255) NOT NULL) {changeSet=migration/vault-schema.changelog-init.xml::1511451595465-24::R3.Corda, databaseChangeLog=master.changelog.json}
?[m?[37m[INFO] 17:31:26,285 [driver-pool-thread-1] changelog.ChangeSet. - Table vault_linear_states created {changeSet=migration/vault-schema.changelog-init.xml::1511451595465-24::R3.Corda, databaseChangeLog=master.changelog.json}
?[m?[37m[INFO] 17:31:26,285 [driver-pool-thread-1] changelog.ChangeSet. - ChangeSet migration/vault-schema.changelog-init.xml::1511451595465-24::R3.Corda ran successfully in 2ms {changeSet=migration/vault-schema.changelog-init.xml::1511451595465-24::R3.Corda, databaseChangeLog=master.changelog.json}
?[m?[37m[INFO] 17:31:26,286 [driver-pool-thread-1] jvm.JdbcExecutor. - INSERT INTO PUBLIC.DATABASECHANGELOG (ID, AUTHOR, FILENAME, DATEEXECUTED, ORDEREXECUTED, MD5SUM, DESCRIPTION, COMMENTS, EXECTYPE, CONTEXTS, LABELS, LIQUIBASE, DEPLOYMENT_ID) VALUES ('1511451595465-24', 'R3.Corda', 'migration/vault-schema.changelog-init.xml', NOW(), 4, '8:fb2c5b52213239424320d137dc22059b', 'createTable tableName=vault_linear_states', '', 'EXECUTED', NULL, NULL, '3.6.3', '7573086214') {changeSet=migration/vault-schema.changelog-init.xml::1511451595465-24::R3.Corda, databaseChangeLog=master.changelog.json}
?[m?[37m[INFO] 17:31:26,288 [driver-pool-thread-1] jvm.JdbcExecutor. - CREATE TABLE PUBLIC.vault_linear_states_parts (output_index INT NOT NULL, transaction_id NVARCHAR(64) NOT NULL, participants NVARCHAR(255)) {changeSet=migration/vault-schema.changelog-init.xml::1511451595465-25::R3.Corda, databaseChangeLog=master.changelog.json}
?[m?[37m[INFO] 17:31:26,290 [driver-pool-thread-1] changelog.ChangeSet. - Table vault_linear_states_parts created {changeSet=migration/vault-schema.changelog-init.xml::1511451595465-25::R3.Corda, databaseChangeLog=master.changelog.json}
?[m?[37m[INFO] 17:31:26,290 [driver-pool-thread-1] changelog.ChangeSet. - ChangeSet migration/vault-schema.changelog-init.xml::1511451595465-25::R3.Corda ran successfully in 3ms {changeSet=migration/vault-schema.changelog-init.xml::1511451595465-25::R3.Corda, databaseChangeLog=master.changelog.json}
?[m?[37m[INFO] 17:31:26,292 [driver-pool-thread-1] jvm.JdbcExecutor. - INSERT INTO PUBLIC.DATABASECHANGELOG (ID, AUTHOR, FILENAME, DATEEXECUTED, ORDEREXECUTED, MD5SUM, DESCRIPTION, COMMENTS, EXECTYPE, CONTEXTS, LABELS, LIQUIBASE, DEPLOYMENT_ID) VALUES ('1511451595465-25', 'R3.Corda', 'migration/vault-schema.changelog-init.xml', NOW(), 5, '8:ccb2ca1b37c0eeb2ac12506f17bc8ee0', 'createTable tableName=vault_linear_states_parts', '', 'EXECUTED', NULL, NULL, '3.6.3', '7573086214') {changeSet=migration/vault-schema.changelog-init.xml::1511451595465-25::R3.Corda, databaseChangeLog=master.changelog.json}
?[m?[37m[INFO] 17:31:26,294 [driver-pool-thread-1] jvm.JdbcExecutor. - CREATE TABLE PUBLIC.vault_states (output_index INT NOT NULL, transaction_id NVARCHAR(64) NOT NULL, consumed_timestamp TIMESTAMP, contract_state_class_name NVARCHAR(255), lock_id NVARCHAR(255), lock_timestamp TIMESTAMP, notary_name NVARCHAR(255), recorded_timestamp TIMESTAMP, state_status INT) {changeSet=migration/vault-schema.changelog-init.xml::1511451595465-26::R3.Corda, databaseChangeLog=master.changelog.json}
?[m?[37m[INFO] 17:31:26,294 [driver-pool-thread-1] changelog.ChangeSet. - Table vault_states created {changeSet=migration/vault-schema.changelog-init.xml::1511451595465-26::R3.Corda, databaseChangeLog=master.changelog.json}
?[m?[37m[INFO] 17:31:26,294 [driver-pool-thread-1] changelog.ChangeSet. - ChangeSet migration/vault-schema.changelog-init.xml::1511451595465-26::R3.Corda ran successfully in 1ms {changeSet=migration/vault-schema.changelog-init.xml::1511451595465-26::R3.Corda, databaseChangeLog=master.changelog.json}
?[m?[37m[INFO] 17:31:26,295 [driver-pool-thread-1] jvm.JdbcExecutor. - INSERT INTO PUBLIC.DATABASECHANGELOG (ID, AUTHOR, FILENAME, DATEEXECUTED, ORDEREXECUTED, MD5SUM, DESCRIPTION, COMMENTS, EXECTYPE, CONTEXTS, LABELS, LIQUIBASE, DEPLOYMENT_ID) VALUES ('1511451595465-26', 'R3.Corda', 'migration/vault-schema.changelog-init.xml', NOW(), 6, '8:971edadc2af9e847ed490f418530d40b', 'createTable tableName=vault_states', '', 'EXECUTED', NULL, NULL, '3.6.3', '7573086214') {changeSet=migration/vault-schema.changelog-init.xml::1511451595465-26::R3.Corda, databaseChangeLog=master.changelog.json}
?[m?[37m[INFO] 17:31:26,297 [driver-pool-thread-1] jvm.JdbcExecutor. - CREATE TABLE PUBLIC.vault_transaction_notes (seq_no INT NOT NULL, note NVARCHAR(255), transaction_id NVARCHAR(64)) {changeSet=migration/vault-schema.changelog-init.xml::1511451595465-27::R3.Corda, databaseChangeLog=master.changelog.json}
?[m?[37m[INFO] 17:31:26,297 [driver-pool-thread-1] changelog.ChangeSet. - Table vault_transaction_notes created {changeSet=migration/vault-schema.changelog-init.xml::1511451595465-27::R3.Corda, databaseChangeLog=master.changelog.json}
?[m?[37m[INFO] 17:31:26,297 [driver-pool-thread-1] changelog.ChangeSet. - ChangeSet migration/vault-schema.changelog-init.xml::1511451595465-27::R3.Corda ran successfully in 1ms {changeSet=migration/vault-schema.changelog-init.xml::1511451595465-27::R3.Corda, databaseChangeLog=master.changelog.json}
?[m?[37m[INFO] 17:31:26,298 [driver-pool-thread-1] jvm.JdbcExecutor. - INSERT INTO PUBLIC.DATABASECHANGELOG (ID, AUTHOR, FILENAME, DATEEXECUTED, ORDEREXECUTED, MD5SUM, DESCRIPTION, COMMENTS, EXECTYPE, CONTEXTS, LABELS, LIQUIBASE, DEPLOYMENT_ID) VALUES ('1511451595465-27', 'R3.Corda', 'migration/vault-schema.changelog-init.xml', NOW(), 7, '8:7a8064e58d100a02ed56e538122296e4', 'createTable tableName=vault_transaction_notes', '', 'EXECUTED', NULL, NULL, '3.6.3', '7573086214') {changeSet=migration/vault-schema.changelog-init.xml::1511451595465-27::R3.Corda, databaseChangeLog=master.changelog.json}
?[m?[37m[INFO] 17:31:26,300 [driver-pool-thread-1] jvm.JdbcExecutor. - ALTER TABLE PUBLIC.vault_fungible_states ADD CONSTRAINT vault_fungible_states_pkey PRIMARY KEY (output_index, transaction_id) {changeSet=migration/vault-schema.changelog-init.xml::1511451595465-47::R3.Corda, databaseChangeLog=master.changelog.json}
?[m?[37m[INFO] 17:31:26,303 [driver-pool-thread-1] changelog.ChangeSet. - Primary key added to vault_fungible_states (output_index, transaction_id) {changeSet=migration/vault-schema.changelog-init.xml::1511451595465-47::R3.Corda, databaseChangeLog=master.changelog.json}
?[m?[37m[INFO] 17:31:26,303 [driver-pool-thread-1] changelog.ChangeSet. - ChangeSet migration/vault-schema.changelog-init.xml::1511451595465-47::R3.Corda ran successfully in 3ms {changeSet=migration/vault-schema.changelog-init.xml::1511451595465-47::R3.Corda, databaseChangeLog=master.changelog.json}
?[m?[37m[INFO] 17:31:26,304 [driver-pool-thread-1] jvm.JdbcExecutor. - INSERT INTO PUBLIC.DATABASECHANGELOG (ID, AUTHOR, FILENAME, DATEEXECUTED, ORDEREXECUTED, MD5SUM, DESCRIPTION, COMMENTS, EXECTYPE, CONTEXTS, LABELS, LIQUIBASE, DEPLOYMENT_ID) VALUES ('1511451595465-47', 'R3.Corda', 'migration/vault-schema.changelog-init.xml', NOW(), 8, '8:4eddd48de14b69bdd265a4b0c438f070', 'addPrimaryKey constraintName=vault_fungible_states_pkey, tableName=vault_fungible_states', '', 'EXECUTED', NULL, NULL, '3.6.3', '7573086214') {changeSet=migration/vault-schema.changelog-init.xml::1511451595465-47::R3.Corda, databaseChangeLog=master.changelog.json}
?[m?[37m[INFO] 17:31:26,305 [driver-pool-thread-1] jvm.JdbcExecutor. - ALTER TABLE PUBLIC.vault_linear_states ADD CONSTRAINT vault_linear_states_pkey PRIMARY KEY (output_index, transaction_id) {changeSet=migration/vault-schema.changelog-init.xml::1511451595465-48::R3.Corda, databaseChangeLog=master.changelog.json}
?[m?[37m[INFO] 17:31:26,306 [driver-pool-thread-1] changelog.ChangeSet. - Primary key added to vault_linear_states (output_index, transaction_id) {changeSet=migration/vault-schema.changelog-init.xml::1511451595465-48::R3.Corda, databaseChangeLog=master.changelog.json}
?[m?[37m[INFO] 17:31:26,307 [driver-pool-thread-1] changelog.ChangeSet. - ChangeSet migration/vault-schema.changelog-init.xml::1511451595465-48::R3.Corda ran successfully in 1ms {changeSet=migration/vault-schema.changelog-init.xml::1511451595465-48::R3.Corda, databaseChangeLog=master.changelog.json}
?[m?[37m[INFO] 17:31:26,308 [driver-pool-thread-1] jvm.JdbcExecutor. - INSERT INTO PUBLIC.DATABASECHANGELOG (ID, AUTHOR, FILENAME, DATEEXECUTED, ORDEREXECUTED, MD5SUM, DESCRIPTION, COMMENTS, EXECTYPE, CONTEXTS, LABELS, LIQUIBASE, DEPLOYMENT_ID) VALUES ('1511451595465-48', 'R3.Corda', 'migration/vault-schema.changelog-init.xml', NOW(), 9, '8:3695c44ddebef2dde359dec253a5969a', 'addPrimaryKey constraintName=vault_linear_states_pkey, tableName=vault_linear_states', '', 'EXECUTED', NULL, NULL, '3.6.3', '7573086214') {changeSet=migration/vault-schema.changelog-init.xml::1511451595465-48::R3.Corda, databaseChangeLog=master.changelog.json}
?[m?[37m[INFO] 17:31:26,309 [driver-pool-thread-1] jvm.JdbcExecutor. - ALTER TABLE PUBLIC.vault_states ADD CONSTRAINT vault_states_pkey PRIMARY KEY (output_index, transaction_id) {changeSet=migration/vault-schema.changelog-init.xml::1511451595465-49::R3.Corda, databaseChangeLog=master.changelog.json}
?[m?[37m[INFO] 17:31:26,310 [driver-pool-thread-1] changelog.ChangeSet. - Primary key added to vault_states (output_index, transaction_id) {changeSet=migration/vault-schema.changelog-init.xml::1511451595465-49::R3.Corda, databaseChangeLog=master.changelog.json}
?[m?[37m[INFO] 17:31:26,310 [driver-pool-thread-1] changelog.ChangeSet. - ChangeSet migration/vault-schema.changelog-init.xml::1511451595465-49::R3.Corda ran successfully in 1ms {changeSet=migration/vault-schema.changelog-init.xml::1511451595465-49::R3.Corda, databaseChangeLog=master.changelog.json}
?[m?[37m[INFO] 17:31:26,311 [driver-pool-thread-1] jvm.JdbcExecutor. - INSERT INTO PUBLIC.DATABASECHANGELOG (ID, AUTHOR, FILENAME, DATEEXECUTED, ORDEREXECUTED, MD5SUM, DESCRIPTION, COMMENTS, EXECTYPE, CONTEXTS, LABELS, LIQUIBASE, DEPLOYMENT_ID) VALUES ('1511451595465-49', 'R3.Corda', 'migration/vault-schema.changelog-init.xml', NOW(), 10, '8:5d21dc3c09051ea30475250d25178892', 'addPrimaryKey constraintName=vault_states_pkey, tableName=vault_states', '', 'EXECUTED', NULL, NULL, '3.6.3', '7573086214') {changeSet=migration/vault-schema.changelog-init.xml::1511451595465-49::R3.Corda, databaseChangeLog=master.changelog.json}
?[m?[37m[INFO] 17:31:26,313 [driver-pool-thread-1] jvm.JdbcExecutor. - ALTER TABLE PUBLIC.vault_transaction_notes ADD CONSTRAINT vault_transaction_notes_pkey PRIMARY KEY (seq_no) {changeSet=migration/vault-schema.changelog-init.xml::1511451595465-50::R3.Corda, databaseChangeLog=master.changelog.json}
?[m?[37m[INFO] 17:31:26,313 [driver-pool-thread-1] changelog.ChangeSet. - Primary key added to vault_transaction_notes (seq_no) {changeSet=migration/vault-schema.changelog-init.xml::1511451595465-50::R3.Corda, databaseChangeLog=master.changelog.json}
?[m?[37m[INFO] 17:31:26,314 [driver-pool-thread-1] changelog.ChangeSet. - ChangeSet migration/vault-schema.changelog-init.xml::1511451595465-50::R3.Corda ran successfully in 2ms {changeSet=migration/vault-schema.changelog-init.xml::1511451595465-50::R3.Corda, databaseChangeLog=master.changelog.json}
?[m?[37m[INFO] 17:31:26,314 [driver-pool-thread-1] jvm.JdbcExecutor. - INSERT INTO PUBLIC.DATABASECHANGELOG (ID, AUTHOR, FILENAME, DATEEXECUTED, ORDEREXECUTED, MD5SUM, DESCRIPTION, COMMENTS, EXECTYPE, CONTEXTS, LABELS, LIQUIBASE, DEPLOYMENT_ID) VALUES ('1511451595465-50', 'R3.Corda', 'migration/vault-schema.changelog-init.xml', NOW(), 11, '8:2bf545e5d7593a3456708426c3686ebb', 'addPrimaryKey constraintName=vault_transaction_notes_pkey, tableName=vault_transaction_notes', '', 'EXECUTED', NULL, NULL, '3.6.3', '7573086214') {changeSet=migration/vault-schema.changelog-init.xml::1511451595465-50::R3.Corda, databaseChangeLog=master.changelog.json}
?[m?[37m[INFO] 17:31:26,316 [driver-pool-thread-1] jvm.JdbcExecutor. - CREATE INDEX PUBLIC.external_id_index ON PUBLIC.vault_linear_states(external_id) {changeSet=migration/vault-schema.changelog-init.xml::1511451595465-53::R3.Corda, databaseChangeLog=master.changelog.json}
?[m?[37m[INFO] 17:31:26,318 [driver-pool-thread-1] changelog.ChangeSet. - Index external_id_index created {changeSet=migration/vault-schema.changelog-init.xml::1511451595465-53::R3.Corda, databaseChangeLog=master.changelog.json}
?[m?[37m[INFO] 17:31:26,318 [driver-pool-thread-1] changelog.ChangeSet. - ChangeSet migration/vault-schema.changelog-init.xml::1511451595465-53::R3.Corda ran successfully in 3ms {changeSet=migration/vault-schema.changelog-init.xml::1511451595465-53::R3.Corda, databaseChangeLog=master.changelog.json}
?[m?[37m[INFO] 17:31:26,319 [driver-pool-thread-1] jvm.JdbcExecutor. - INSERT INTO PUBLIC.DATABASECHANGELOG (ID, AUTHOR, FILENAME, DATEEXECUTED, ORDEREXECUTED, MD5SUM, DESCRIPTION, COMMENTS, EXECTYPE, CONTEXTS, LABELS, LIQUIBASE, DEPLOYMENT_ID) VALUES ('1511451595465-53', 'R3.Corda', 'migration/vault-schema.changelog-init.xml', NOW(), 12, '8:b1272090dcd2325b0382f829ce13a1ff', 'createIndex indexName=external_id_index, tableName=vault_linear_states', '', 'EXECUTED', NULL, NULL, '3.6.3', '7573086214') {changeSet=migration/vault-schema.changelog-init.xml::1511451595465-53::R3.Corda, databaseChangeLog=master.changelog.json}
?[m?[37m[INFO] 17:31:26,320 [driver-pool-thread-1] jvm.JdbcExecutor. - CREATE INDEX PUBLIC.lock_id_idx ON PUBLIC.vault_states(lock_id, state_status) {changeSet=migration/vault-schema.changelog-init.xml::1511451595465-55::R3.Corda, databaseChangeLog=master.changelog.json}
?[m?[37m[INFO] 17:31:26,321 [driver-pool-thread-1] changelog.ChangeSet. - Index lock_id_idx created {changeSet=migration/vault-schema.changelog-init.xml::1511451595465-55::R3.Corda, databaseChangeLog=master.changelog.json}
?[m?[37m[INFO] 17:31:26,321 [driver-pool-thread-1] changelog.ChangeSet. - ChangeSet migration/vault-schema.changelog-init.xml::1511451595465-55::R3.Corda ran successfully in 1ms {changeSet=migration/vault-schema.changelog-init.xml::1511451595465-55::R3.Corda, databaseChangeLog=master.changelog.json}
?[m?[37m[INFO] 17:31:26,322 [driver-pool-thread-1] jvm.JdbcExecutor. - INSERT INTO PUBLIC.DATABASECHANGELOG (ID, AUTHOR, FILENAME, DATEEXECUTED, ORDEREXECUTED, MD5SUM, DESCRIPTION, COMMENTS, EXECTYPE, CONTEXTS, LABELS, LIQUIBASE, DEPLOYMENT_ID) VALUES ('1511451595465-55', 'R3.Corda', 'migration/vault-schema.changelog-init.xml', NOW(), 13, '8:0b77fbedaccc2eed4b8efd6fddf6581b', 'createIndex indexName=lock_id_idx, tableName=vault_states', '', 'EXECUTED', NULL, NULL, '3.6.3', '7573086214') {changeSet=migration/vault-schema.changelog-init.xml::1511451595465-55::R3.Corda, databaseChangeLog=master.changelog.json}
?[m?[37m[INFO] 17:31:26,323 [driver-pool-thread-1] jvm.JdbcExecutor. - CREATE INDEX PUBLIC.state_status_idx ON PUBLIC.vault_states(state_status) {changeSet=migration/vault-schema.changelog-init.xml::1511451595465-58::R3.Corda, databaseChangeLog=master.changelog.json}
?[m?[37m[INFO] 17:31:26,324 [driver-pool-thread-1] changelog.ChangeSet. - Index state_status_idx created {changeSet=migration/vault-schema.changelog-init.xml::1511451595465-58::R3.Corda, databaseChangeLog=master.changelog.json}
?[m?[37m[INFO] 17:31:26,324 [driver-pool-thread-1] changelog.ChangeSet. - ChangeSet migration/vault-schema.changelog-init.xml::1511451595465-58::R3.Corda ran successfully in 1ms {changeSet=migration/vault-schema.changelog-init.xml::1511451595465-58::R3.Corda, databaseChangeLog=master.changelog.json}
?[m?[37m[INFO] 17:31:26,325 [driver-pool-thread-1] jvm.JdbcExecutor. - INSERT INTO PUBLIC.DATABASECHANGELOG (ID, AUTHOR, FILENAME, DATEEXECUTED, ORDEREXECUTED, MD5SUM, DESCRIPTION, COMMENTS, EXECTYPE, CONTEXTS, LABELS, LIQUIBASE, DEPLOYMENT_ID) VALUES ('1511451595465-58', 'R3.Corda', 'migration/vault-schema.changelog-init.xml', NOW(), 14, '8:7a1bbb20835907728df143e4cc1bfc04', 'createIndex indexName=state_status_idx, tableName=vault_states', '', 'EXECUTED', NULL, NULL, '3.6.3', '7573086214') {changeSet=migration/vault-schema.changelog-init.xml::1511451595465-58::R3.Corda, databaseChangeLog=master.changelog.json}
?[m?[37m[INFO] 17:31:26,326 [driver-pool-thread-1] jvm.JdbcExecutor. - CREATE INDEX PUBLIC.transaction_id_index ON PUBLIC.vault_transaction_notes(transaction_id) {changeSet=migration/vault-schema.changelog-init.xml::1511451595465-59::R3.Corda, databaseChangeLog=master.changelog.json}
?[m?[37m[INFO] 17:31:26,326 [driver-pool-thread-1] changelog.ChangeSet. - Index transaction_id_index created {changeSet=migration/vault-schema.changelog-init.xml::1511451595465-59::R3.Corda, databaseChangeLog=master.changelog.json}
?[m?[37m[INFO] 17:31:26,326 [driver-pool-thread-1] changelog.ChangeSet. - ChangeSet migration/vault-schema.changelog-init.xml::1511451595465-59::R3.Corda ran successfully in 1ms {changeSet=migration/vault-schema.changelog-init.xml::1511451595465-59::R3.Corda, databaseChangeLog=master.changelog.json}
?[m?[37m[INFO] 17:31:26,327 [driver-pool-thread-1] jvm.JdbcExecutor. - INSERT INTO PUBLIC.DATABASECHANGELOG (ID, AUTHOR, FILENAME, DATEEXECUTED, ORDEREXECUTED, MD5SUM, DESCRIPTION, COMMENTS, EXECTYPE, CONTEXTS, LABELS, LIQUIBASE, DEPLOYMENT_ID) VALUES ('1511451595465-59', 'R3.Corda', 'migration/vault-schema.changelog-init.xml', NOW(), 15, '8:2bfe64cedfc8120dc219d42dc19d49f6', 'createIndex indexName=transaction_id_index, tableName=vault_transaction_notes', '', 'EXECUTED', NULL, NULL, '3.6.3', '7573086214') {changeSet=migration/vault-schema.changelog-init.xml::1511451595465-59::R3.Corda, databaseChangeLog=master.changelog.json}
?[m?[37m[INFO] 17:31:26,328 [driver-pool-thread-1] jvm.JdbcExecutor. - CREATE INDEX PUBLIC.uuid_index ON PUBLIC.vault_linear_states(uuid) {changeSet=migration/vault-schema.changelog-init.xml::1511451595465-60::R3.Corda, databaseChangeLog=master.changelog.json}
?[m?[37m[INFO] 17:31:26,329 [driver-pool-thread-1] changelog.ChangeSet. - Index uuid_index created {changeSet=migration/vault-schema.changelog-init.xml::1511451595465-60::R3.Corda, databaseChangeLog=master.changelog.json}
?[m?[37m[INFO] 17:31:26,329 [driver-pool-thread-1] changelog.ChangeSet. - ChangeSet migration/vault-schema.changelog-init.xml::1511451595465-60::R3.Corda ran successfully in 1ms {changeSet=migration/vault-schema.changelog-init.xml::1511451595465-60::R3.Corda, databaseChangeLog=master.changelog.json}
?[m?[37m[INFO] 17:31:26,329 [driver-pool-thread-1] jvm.JdbcExecutor. - INSERT INTO PUBLIC.DATABASECHANGELOG (ID, AUTHOR, FILENAME, DATEEXECUTED, ORDEREXECUTED, MD5SUM, DESCRIPTION, COMMENTS, EXECTYPE, CONTEXTS, LABELS, LIQUIBASE, DEPLOYMENT_ID) VALUES ('1511451595465-60', 'R3.Corda', 'migration/vault-schema.changelog-init.xml', NOW(), 16, '8:4cffb289ce33d922274cc829175a2a55', 'createIndex indexName=uuid_index, tableName=vault_linear_states', '', 'EXECUTED', NULL, NULL, '3.6.3', '7573086214') {changeSet=migration/vault-schema.changelog-init.xml::1511451595465-60::R3.Corda, databaseChangeLog=master.changelog.json}
?[m?[37m[INFO] 17:31:26,332 [driver-pool-thread-1] jvm.JdbcExecutor. - ALTER TABLE PUBLIC.vault_fungible_states_parts ADD CONSTRAINT FK__fung_st_parts__fung_st FOREIGN KEY (output_index, transaction_id) REFERENCES PUBLIC.vault_fungible_states (output_index, transaction_id) {changeSet=migration/vault-schema.changelog-init.xml::1511451595465-64::R3.Corda, databaseChangeLog=master.changelog.json}
?[m?[37m[INFO] 17:31:26,339 [driver-pool-thread-1] changelog.ChangeSet. - Foreign key constraint added to vault_fungible_states_parts (output_index,transaction_id) {changeSet=migration/vault-schema.changelog-init.xml::1511451595465-64::R3.Corda, databaseChangeLog=master.changelog.json}
?[m?[37m[INFO] 17:31:26,339 [driver-pool-thread-1] changelog.ChangeSet. - ChangeSet migration/vault-schema.changelog-init.xml::1511451595465-64::R3.Corda ran successfully in 9ms {changeSet=migration/vault-schema.changelog-init.xml::1511451595465-64::R3.Corda, databaseChangeLog=master.changelog.json}
?[m?[37m[INFO] 17:31:26,340 [driver-pool-thread-1] jvm.JdbcExecutor. - INSERT INTO PUBLIC.DATABASECHANGELOG (ID, AUTHOR, FILENAME, DATEEXECUTED, ORDEREXECUTED, MD5SUM, DESCRIPTION, COMMENTS, EXECTYPE, CONTEXTS, LABELS, LIQUIBASE, DEPLOYMENT_ID) VALUES ('1511451595465-64', 'R3.Corda', 'migration/vault-schema.changelog-init.xml', NOW(), 17, '8:1bde72346badbbe52e74b189ce1d079c', 'addForeignKeyConstraint baseTableName=vault_fungible_states_parts, constraintName=FK__fung_st_parts__fung_st, referencedTableName=vault_fungible_states', '', 'EXECUTED', NULL, NULL, '3.6.3', '7573086214') {changeSet=migration/vault-schema.changelog-init.xml::1511451595465-64::R3.Corda, databaseChangeLog=master.changelog.json}
?[m?[37m[INFO] 17:31:26,341 [driver-pool-thread-1] jvm.JdbcExecutor. - ALTER TABLE PUBLIC.vault_linear_states_parts ADD CONSTRAINT FK__lin_stat_parts__lin_stat FOREIGN KEY (output_index, transaction_id) REFERENCES PUBLIC.vault_linear_states (output_index, transaction_id) {changeSet=migration/vault-schema.changelog-init.xml::1511451595465-65::R3.Corda, databaseChangeLog=master.changelog.json}
?[m?[37m[INFO] 17:31:26,345 [driver-pool-thread-1] changelog.ChangeSet. - Foreign key constraint added to vault_linear_states_parts (output_index,transaction_id) {changeSet=migration/vault-schema.changelog-init.xml::1511451595465-65::R3.Corda, databaseChangeLog=master.changelog.json}
?[m?[37m[INFO] 17:31:26,345 [driver-pool-thread-1] changelog.ChangeSet. - ChangeSet migration/vault-schema.changelog-init.xml::1511451595465-65::R3.Corda ran successfully in 4ms {changeSet=migration/vault-schema.changelog-init.xml::1511451595465-65::R3.Corda, databaseChangeLog=master.changelog.json}
?[m?[37m[INFO] 17:31:26,346 [driver-pool-thread-1] jvm.JdbcExecutor. - INSERT INTO PUBLIC.DATABASECHANGELOG (ID, AUTHOR, FILENAME, DATEEXECUTED, ORDEREXECUTED, MD5SUM, DESCRIPTION, COMMENTS, EXECTYPE, CONTEXTS, LABELS, LIQUIBASE, DEPLOYMENT_ID) VALUES ('1511451595465-65', 'R3.Corda', 'migration/vault-schema.changelog-init.xml', NOW(), 18, '8:9a5d0106c45f631cb60a3e2f9542d2c2', 'addForeignKeyConstraint baseTableName=vault_linear_states_parts, constraintName=FK__lin_stat_parts__lin_stat, referencedTableName=vault_linear_states', '', 'EXECUTED', NULL, NULL, '3.6.3', '7573086214') {changeSet=migration/vault-schema.changelog-init.xml::1511451595465-65::R3.Corda, databaseChangeLog=master.changelog.json}
?[m?[37m[INFO] 17:31:26,347 [driver-pool-thread-1] jvm.JdbcExecutor. - DELETE FROM PUBLIC.vault_fungible_states_parts {changeSet=migration/vault-schema.changelog-v3.xml::clean_vault::R3.Corda, databaseChangeLog=master.changelog.json}
?[m?[37m[INFO] 17:31:26,347 [driver-pool-thread-1] changelog.ChangeSet. - Data deleted from vault_fungible_states_parts {changeSet=migration/vault-schema.changelog-v3.xml::clean_vault::R3.Corda, databaseChangeLog=master.changelog.json}
?[m?[37m[INFO] 17:31:26,347 [driver-pool-thread-1] jvm.JdbcExecutor. - DELETE FROM PUBLIC.vault_fungible_states {changeSet=migration/vault-schema.changelog-v3.xml::clean_vault::R3.Corda, databaseChangeLog=master.changelog.json}
?[m?[37m[INFO] 17:31:26,347 [driver-pool-thread-1] changelog.ChangeSet. - Data deleted from vault_fungible_states {changeSet=migration/vault-schema.changelog-v3.xml::clean_vault::R3.Corda, databaseChangeLog=master.changelog.json}
?[m?[37m[INFO] 17:31:26,347 [driver-pool-thread-1] jvm.JdbcExecutor. - DELETE FROM PUBLIC.vault_linear_states_parts {changeSet=migration/vault-schema.changelog-v3.xml::clean_vault::R3.Corda, databaseChangeLog=master.changelog.json}
?[m?[37m[INFO] 17:31:26,348 [driver-pool-thread-1] changelog.ChangeSet. - Data deleted from vault_linear_states_parts {changeSet=migration/vault-schema.changelog-v3.xml::clean_vault::R3.Corda, databaseChangeLog=master.changelog.json}
?[m?[37m[INFO] 17:31:26,348 [driver-pool-thread-1] jvm.JdbcExecutor. - DELETE FROM PUBLIC.vault_linear_states {changeSet=migration/vault-schema.changelog-v3.xml::clean_vault::R3.Corda, databaseChangeLog=master.changelog.json}
?[m?[37m[INFO] 17:31:26,348 [driver-pool-thread-1] changelog.ChangeSet. - Data deleted from vault_linear_states {changeSet=migration/vault-schema.changelog-v3.xml::clean_vault::R3.Corda, databaseChangeLog=master.changelog.json}
?[m?[37m[INFO] 17:31:26,348 [driver-pool-thread-1] jvm.JdbcExecutor. - DELETE FROM PUBLIC.vault_states {changeSet=migration/vault-schema.changelog-v3.xml::clean_vault::R3.Corda, databaseChangeLog=master.changelog.json}
?[m?[37m[INFO] 17:31:26,348 [driver-pool-thread-1] changelog.ChangeSet. - Data deleted from vault_states {changeSet=migration/vault-schema.changelog-v3.xml::clean_vault::R3.Corda, databaseChangeLog=master.changelog.json}
?[m?[37m[INFO] 17:31:26,349 [driver-pool-thread-1] jvm.JdbcExecutor. - DELETE FROM PUBLIC.vault_transaction_notes {changeSet=migration/vault-schema.changelog-v3.xml::clean_vault::R3.Corda, databaseChangeLog=master.changelog.json}
?[m?[37m[INFO] 17:31:26,349 [driver-pool-thread-1] changelog.ChangeSet. - Data deleted from vault_transaction_notes {changeSet=migration/vault-schema.changelog-v3.xml::clean_vault::R3.Corda, databaseChangeLog=master.changelog.json}
?[m?[37m[INFO] 17:31:26,349 [driver-pool-thread-1] changelog.ChangeSet. - ChangeSet migration/vault-schema.changelog-v3.xml::clean_vault::R3.Corda ran successfully in 3ms {changeSet=migration/vault-schema.changelog-v3.xml::clean_vault::R3.Corda, databaseChangeLog=master.changelog.json}
?[m?[37m[INFO] 17:31:26,350 [driver-pool-thread-1] jvm.JdbcExecutor. - INSERT INTO PUBLIC.DATABASECHANGELOG (ID, AUTHOR, FILENAME, DATEEXECUTED, ORDEREXECUTED, MD5SUM, DESCRIPTION, COMMENTS, EXECTYPE, CONTEXTS, LABELS, LIQUIBASE, DEPLOYMENT_ID) VALUES ('clean_vault', 'R3.Corda', 'migration/vault-schema.changelog-v3.xml', NOW(), 19, '8:0701d37bf9b322ada2323cea6db9393c', 'delete tableName=vault_fungible_states_parts; delete tableName=vault_fungible_states; delete tableName=vault_linear_states_parts; delete tableName=vault_linear_states; delete tableName=vault_states; delete tableName=vault_transaction_notes', '', 'EXECUTED', NULL, NULL, '3.6.3', '7573086214') {changeSet=migration/vault-schema.changelog-v3.xml::clean_vault::R3.Corda, databaseChangeLog=master.changelog.json}
?[m?[37m[INFO] 17:31:26,352 [driver-pool-thread-1] jvm.JdbcExecutor. - ALTER TABLE PUBLIC.vault_fungible_states ALTER COLUMN quantity SET NOT NULL {changeSet=migration/vault-schema.changelog-v4.xml::nullability::R3.Corda, databaseChangeLog=master.changelog.json}
?[m?[37m[INFO] 17:31:26,355 [driver-pool-thread-1] changelog.ChangeSet. - NOT NULL constraint has been added to vault_fungible_states.quantity {changeSet=migration/vault-schema.changelog-v4.xml::nullability::R3.Corda, databaseChangeLog=master.changelog.json}
?[m?[37m[INFO] 17:31:26,355 [driver-pool-thread-1] jvm.JdbcExecutor. - ALTER TABLE PUBLIC.vault_states ALTER COLUMN contract_state_class_name SET NOT NULL {changeSet=migration/vault-schema.changelog-v4.xml::nullability::R3.Corda, databaseChangeLog=master.changelog.json}
?[m?[37m[INFO] 17:31:26,357 [driver-pool-thread-1] changelog.ChangeSet. - NOT NULL constraint has been added to vault_states.contract_state_class_name {changeSet=migration/vault-schema.changelog-v4.xml::nullability::R3.Corda, databaseChangeLog=master.changelog.json}
?[m?[37m[INFO] 17:31:26,358 [driver-pool-thread-1] jvm.JdbcExecutor. - ALTER TABLE PUBLIC.vault_states ALTER COLUMN notary_name SET NOT NULL {changeSet=migration/vault-schema.changelog-v4.xml::nullability::R3.Corda, databaseChangeLog=master.changelog.json}
?[m?[37m[INFO] 17:31:26,360 [driver-pool-thread-1] changelog.ChangeSet. - NOT NULL constraint has been added to vault_states.notary_name {changeSet=migration/vault-schema.changelog-v4.xml::nullability::R3.Corda, databaseChangeLog=master.changelog.json}
?[m?[37m[INFO] 17:31:26,361 [driver-pool-thread-1] jvm.JdbcExecutor. - ALTER TABLE PUBLIC.vault_states ALTER COLUMN recorded_timestamp SET NOT NULL {changeSet=migration/vault-schema.changelog-v4.xml::nullability::R3.Corda, databaseChangeLog=master.changelog.json}
?[m?[37m[INFO] 17:31:26,362 [driver-pool-thread-1] changelog.ChangeSet. - NOT NULL constraint has been added to vault_states.recorded_timestamp {changeSet=migration/vault-schema.changelog-v4.xml::nullability::R3.Corda, databaseChangeLog=master.changelog.json}
?[m?[37m[INFO] 17:31:26,363 [driver-pool-thread-1] jvm.JdbcExecutor. - DROP INDEX PUBLIC.state_status_idx {changeSet=migration/vault-schema.changelog-v4.xml::nullability::R3.Corda, databaseChangeLog=master.changelog.json}
?[m?[37m[INFO] 17:31:26,367 [driver-pool-thread-1] changelog.ChangeSet. - Index state_status_idx dropped from table vault_states {changeSet=migration/vault-schema.changelog-v4.xml::nullability::R3.Corda, databaseChangeLog=master.changelog.json}
?[m?[37m[INFO] 17:31:26,368 [driver-pool-thread-1] jvm.JdbcExecutor. - DROP INDEX PUBLIC.lock_id_idx {changeSet=migration/vault-schema.changelog-v4.xml::nullability::R3.Corda, databaseChangeLog=master.changelog.json}
?[m?[37m[INFO] 17:31:26,368 [driver-pool-thread-1] changelog.ChangeSet. - Index lock_id_idx dropped from table vault_states {changeSet=migration/vault-schema.changelog-v4.xml::nullability::R3.Corda, databaseChangeLog=master.changelog.json}
?[m?[37m[INFO] 17:31:26,368 [driver-pool-thread-1] jvm.JdbcExecutor. - ALTER TABLE PUBLIC.vault_states ALTER COLUMN state_status SET NOT NULL {changeSet=migration/vault-schema.changelog-v4.xml::nullability::R3.Corda, databaseChangeLog=master.changelog.json}
?[m?[37m[INFO] 17:31:26,369 [driver-pool-thread-1] changelog.ChangeSet. - NOT NULL constraint has been added to vault_states.state_status {changeSet=migration/vault-schema.changelog-v4.xml::nullability::R3.Corda, databaseChangeLog=master.changelog.json}
?[m?[37m[INFO] 17:31:26,369 [driver-pool-thread-1] jvm.JdbcExecutor. - CREATE INDEX PUBLIC.state_status_idx ON PUBLIC.vault_states(state_status) {changeSet=migration/vault-schema.changelog-v4.xml::nullability::R3.Corda, databaseChangeLog=master.changelog.json}
?[m?[37m[INFO] 17:31:26,370 [driver-pool-thread-1] changelog.ChangeSet. - Index state_status_idx created {changeSet=migration/vault-schema.changelog-v4.xml::nullability::R3.Corda, databaseChangeLog=master.changelog.json}
?[m?[37m[INFO] 17:31:26,370 [driver-pool-thread-1] jvm.JdbcExecutor. - CREATE INDEX PUBLIC.lock_id_idx ON PUBLIC.vault_states(lock_id, state_status) {changeSet=migration/vault-schema.changelog-v4.xml::nullability::R3.Corda, databaseChangeLog=master.changelog.json}
?[m?[37m[INFO] 17:31:26,371 [driver-pool-thread-1] changelog.ChangeSet. - Index lock_id_idx created {changeSet=migration/vault-schema.changelog-v4.xml::nullability::R3.Corda, databaseChangeLog=master.changelog.json}
?[m?[37m[INFO] 17:31:26,371 [driver-pool-thread-1] jvm.JdbcExecutor. - DROP INDEX PUBLIC.transaction_id_index {changeSet=migration/vault-schema.changelog-v4.xml::nullability::R3.Corda, databaseChangeLog=master.changelog.json}
?[m?[37m[INFO] 17:31:26,374 [driver-pool-thread-1] changelog.ChangeSet. - Index transaction_id_index dropped from table vault_transaction_notes {changeSet=migration/vault-schema.changelog-v4.xml::nullability::R3.Corda, databaseChangeLog=master.changelog.json}
?[m?[37m[INFO] 17:31:26,375 [driver-pool-thread-1] jvm.JdbcExecutor. - ALTER TABLE PUBLIC.vault_transaction_notes ALTER COLUMN note SET NOT NULL {changeSet=migration/vault-schema.changelog-v4.xml::nullability::R3.Corda, databaseChangeLog=master.changelog.json}
?[m?[37m[INFO] 17:31:26,376 [driver-pool-thread-1] changelog.ChangeSet. - NOT NULL constraint has been added to vault_transaction_notes.note {changeSet=migration/vault-schema.changelog-v4.xml::nullability::R3.Corda, databaseChangeLog=master.changelog.json}
?[m?[37m[INFO] 17:31:26,376 [driver-pool-thread-1] jvm.JdbcExecutor. - ALTER TABLE PUBLIC.vault_transaction_notes ALTER COLUMN transaction_id SET NOT NULL {changeSet=migration/vault-schema.changelog-v4.xml::nullability::R3.Corda, databaseChangeLog=master.changelog.json}
?[m?[37m[INFO] 17:31:26,379 [driver-pool-thread-1] changelog.ChangeSet. - NOT NULL constraint has been added to vault_transaction_notes.transaction_id {changeSet=migration/vault-schema.changelog-v4.xml::nullability::R3.Corda, databaseChangeLog=master.changelog.json}
?[m?[37m[INFO] 17:31:26,380 [driver-pool-thread-1] jvm.JdbcExecutor. - CREATE INDEX PUBLIC.transaction_id_index ON PUBLIC.vault_transaction_notes(transaction_id) {changeSet=migration/vault-schema.changelog-v4.xml::nullability::R3.Corda, databaseChangeLog=master.changelog.json}
?[m?[37m[INFO] 17:31:26,385 [driver-pool-thread-1] changelog.ChangeSet. - Index transaction_id_index created {changeSet=migration/vault-schema.changelog-v4.xml::nullability::R3.Corda, databaseChangeLog=master.changelog.json}
?[m?[37m[INFO] 17:31:26,385 [driver-pool-thread-1] changelog.ChangeSet. - ChangeSet migration/vault-schema.changelog-v4.xml::nullability::R3.Corda ran successfully in 34ms {changeSet=migration/vault-schema.changelog-v4.xml::nullability::R3.Corda, databaseChangeLog=master.changelog.json}
?[m?[37m[INFO] 17:31:26,387 [driver-pool-thread-1] jvm.JdbcExecutor. - INSERT INTO PUBLIC.DATABASECHANGELOG (ID, AUTHOR, FILENAME, DATEEXECUTED, ORDEREXECUTED, MD5SUM, DESCRIPTION, COMMENTS, EXECTYPE, CONTEXTS, LABELS, LIQUIBASE, DEPLOYMENT_ID) VALUES ('nullability', 'R3.Corda', 'migration/vault-schema.changelog-v4.xml', NOW(), 20, '8:853fd1e24b974ff22712322ebb2860bf', 'addNotNullConstraint columnName=quantity, tableName=vault_fungible_states; addNotNullConstraint columnName=contract_state_class_name, tableName=vault_states; addNotNullConstraint columnName=notary_name, tableName=vault_states; addNotNullConstraint...', '', 'EXECUTED', NULL, NULL, '3.6.3', '7573086214') {changeSet=migration/vault-schema.changelog-v4.xml::nullability::R3.Corda, databaseChangeLog=master.changelog.json}
?[m?[37m[INFO] 17:31:26,394 [driver-pool-thread-1] jvm.JdbcExecutor. - INSERT INTO PUBLIC.DATABASECHANGELOG (ID, AUTHOR, FILENAME, DATEEXECUTED, ORDEREXECUTED, MD5SUM, DESCRIPTION, COMMENTS, EXECTYPE, CONTEXTS, LABELS, LIQUIBASE, DEPLOYMENT_ID) VALUES ('non-clustered_pk-11', 'R3.Corda', 'migration/vault-schema.changelog-pkey.xml', NOW(), 21, '8:7fca5375330f0b3b62de65b84274dd6e', 'dropForeignKeyConstraint baseTableName=vault_fungible_states_parts, constraintName=FK__fung_st_parts__fung_st; dropPrimaryKey constraintName=vault_fungible_states_pkey, tableName=vault_fungible_states; addPrimaryKey constraintName=vault_fungible_s...', '', 'MARK_RAN', NULL, NULL, '3.6.3', '7573086214') {changeSet=migration/vault-schema.changelog-pkey.xml::non-clustered_pk-11::R3.Corda, databaseChangeLog=master.changelog.json}
?[m?[37m[INFO] 17:31:26,397 [driver-pool-thread-1] jvm.JdbcExecutor. - INSERT INTO PUBLIC.DATABASECHANGELOG (ID, AUTHOR, FILENAME, DATEEXECUTED, ORDEREXECUTED, MD5SUM, DESCRIPTION, COMMENTS, EXECTYPE, CONTEXTS, LABELS, LIQUIBASE, DEPLOYMENT_ID) VALUES ('non-clustered_pk-12', 'R3.Corda', 'migration/vault-schema.changelog-pkey.xml', NOW(), 22, '8:8469058af292b08d108fcf1b3eb8fca4', 'dropForeignKeyConstraint baseTableName=vault_linear_states_parts, constraintName=FK__lin_stat_parts__lin_stat; dropPrimaryKey constraintName=vault_linear_states_pkey, tableName=vault_linear_states; addPrimaryKey constraintName=vault_linear_states_...', '', 'MARK_RAN', NULL, NULL, '3.6.3', '7573086214') {changeSet=migration/vault-schema.changelog-pkey.xml::non-clustered_pk-12::R3.Corda, databaseChangeLog=master.changelog.json}
?[m?[37m[INFO] 17:31:26,405 [driver-pool-thread-1] jvm.JdbcExecutor. - INSERT INTO PUBLIC.DATABASECHANGELOG (ID, AUTHOR, FILENAME, DATEEXECUTED, ORDEREXECUTED, MD5SUM, DESCRIPTION, COMMENTS, EXECTYPE, CONTEXTS, LABELS, LIQUIBASE, DEPLOYMENT_ID) VALUES ('non-clustered_pk-13', 'R3.Corda', 'migration/vault-schema.changelog-pkey.xml', NOW(), 23, '8:e0ccce8941c28a45870d60f5bf54cd50', 'dropPrimaryKey constraintName=vault_states_pkey, tableName=vault_states; addPrimaryKey constraintName=vault_states_pkey, tableName=vault_states', '', 'MARK_RAN', NULL, NULL, '3.6.3', '7573086214') {changeSet=migration/vault-schema.changelog-pkey.xml::non-clustered_pk-13::R3.Corda, databaseChangeLog=master.changelog.json}
?[m?[37m[INFO] 17:31:26,408 [driver-pool-thread-1] jvm.JdbcExecutor. - ALTER TABLE PUBLIC.vault_states ADD relevancy_status INT {changeSet=migration/vault-schema.changelog-v5.xml::add_relevancy_status_column::R3.Corda, databaseChangeLog=master.changelog.json}
?[m?[37m[INFO] 17:31:26,428 [driver-pool-thread-1] changelog.ChangeSet. - Columns relevancy_status(INT) added to vault_states {changeSet=migration/vault-schema.changelog-v5.xml::add_relevancy_status_column::R3.Corda, databaseChangeLog=master.changelog.json}
?[m?[37m[INFO] 17:31:26,428 [driver-pool-thread-1] jvm.JdbcExecutor. - UPDATE PUBLIC.vault_states SET relevancy_status = 0 {changeSet=migration/vault-schema.changelog-v5.xml::add_relevancy_status_column::R3.Corda, databaseChangeLog=master.changelog.json}
?[m?[37m[INFO] 17:31:26,429 [driver-pool-thread-1] changelog.ChangeSet. - Data updated in vault_states {changeSet=migration/vault-schema.changelog-v5.xml::add_relevancy_status_column::R3.Corda, databaseChangeLog=master.changelog.json}
?[m?[37m[INFO] 17:31:26,429 [driver-pool-thread-1] jvm.JdbcExecutor. - ALTER TABLE PUBLIC.vault_states ALTER COLUMN relevancy_status SET NOT NULL {changeSet=migration/vault-schema.changelog-v5.xml::add_relevancy_status_column::R3.Corda, databaseChangeLog=master.changelog.json}
?[m?[37m[INFO] 17:31:26,430 [driver-pool-thread-1] changelog.ChangeSet. - NOT NULL constraint has been added to vault_states.relevancy_status {changeSet=migration/vault-schema.changelog-v5.xml::add_relevancy_status_column::R3.Corda, databaseChangeLog=master.changelog.json}
?[m?[37m[INFO] 17:31:26,430 [driver-pool-thread-1] changelog.ChangeSet. - ChangeSet migration/vault-schema.changelog-v5.xml::add_relevancy_status_column::R3.Corda ran successfully in 24ms {changeSet=migration/vault-schema.changelog-v5.xml::add_relevancy_status_column::R3.Corda, databaseChangeLog=master.changelog.json}
?[m?[37m[INFO] 17:31:26,431 [driver-pool-thread-1] jvm.JdbcExecutor. - INSERT INTO PUBLIC.DATABASECHANGELOG (ID, AUTHOR, FILENAME, DATEEXECUTED, ORDEREXECUTED, MD5SUM, DESCRIPTION, COMMENTS, EXECTYPE, CONTEXTS, LABELS, LIQUIBASE, DEPLOYMENT_ID) VALUES ('add_relevancy_status_column', 'R3.Corda', 'migration/vault-schema.changelog-v5.xml', NOW(), 24, '8:93c5dcaf00387d4d643def4355a54b56', 'addColumn tableName=vault_states; update tableName=vault_states; addNotNullConstraint columnName=relevancy_status, tableName=vault_states', '', 'EXECUTED', NULL, NULL, '3.6.3', '7573086214') {changeSet=migration/vault-schema.changelog-v5.xml::add_relevancy_status_column::R3.Corda, databaseChangeLog=master.changelog.json}
?[m?[37m[INFO] 17:31:26,436 [driver-pool-thread-1] jvm.JdbcExecutor. - ALTER TABLE PUBLIC.vault_states ADD constraint_type INT DEFAULT '0' NOT NULL {changeSet=migration/vault-schema.changelog-v6.xml::add_is_constraint_information_columns::R3.Corda, databaseChangeLog=master.changelog.json}
?[m?[37m[INFO] 17:31:26,444 [driver-pool-thread-1] changelog.ChangeSet. - Columns constraint_type(INT) added to vault_states {changeSet=migration/vault-schema.changelog-v6.xml::add_is_constraint_information_columns::R3.Corda, databaseChangeLog=master.changelog.json}
?[m?[37m[INFO] 17:31:26,445 [driver-pool-thread-1] jvm.JdbcExecutor. - ALTER TABLE PUBLIC.vault_states ADD constraint_data VARBINARY(563) {changeSet=migration/vault-schema.changelog-v6.xml::add_is_constraint_information_columns::R3.Corda, databaseChangeLog=master.changelog.json}
?[m?[37m[INFO] 17:31:26,450 [driver-pool-thread-1] changelog.ChangeSet. - Columns constraint_data(varbinary(563)) added to vault_states {changeSet=migration/vault-schema.changelog-v6.xml::add_is_constraint_information_columns::R3.Corda, databaseChangeLog=master.changelog.json}
?[m?[37m[INFO] 17:31:26,450 [driver-pool-thread-1] changelog.ChangeSet. - ChangeSet migration/vault-schema.changelog-v6.xml::add_is_constraint_information_columns::R3.Corda ran successfully in 18ms {changeSet=migration/vault-schema.changelog-v6.xml::add_is_constraint_information_columns::R3.Corda, databaseChangeLog=master.changelog.json}
?[m?[37m[INFO] 17:31:26,450 [driver-pool-thread-1] jvm.JdbcExecutor. - INSERT INTO PUBLIC.DATABASECHANGELOG (ID, AUTHOR, FILENAME, DATEEXECUTED, ORDEREXECUTED, MD5SUM, DESCRIPTION, COMMENTS, EXECTYPE, CONTEXTS, LABELS, LIQUIBASE, DEPLOYMENT_ID) VALUES ('add_is_constraint_information_columns', 'R3.Corda', 'migration/vault-schema.changelog-v6.xml', NOW(), 25, '8:acf60bd84f648e157d402de8f8e22f3a', 'addColumn tableName=vault_states; addColumn tableName=vault_states', '', 'EXECUTED', NULL, NULL, '3.6.3', '7573086214') {changeSet=migration/vault-schema.changelog-v6.xml::add_is_constraint_information_columns::R3.Corda, databaseChangeLog=master.changelog.json}
?[m?[37m[INFO] 17:31:26,451 [driver-pool-thread-1] jvm.JdbcExecutor. - ALTER TABLE PUBLIC.vault_fungible_states ALTER COLUMN issuer_ref SET NULL {changeSet=migration/vault-schema.changelog-v7.xml::make_issuer_ref_nullable::R3.Corda, databaseChangeLog=master.changelog.json}
?[m?[37m[INFO] 17:31:26,451 [driver-pool-thread-1] changelog.ChangeSet. - Null constraint dropped from vault_fungible_states.issuer_ref {changeSet=migration/vault-schema.changelog-v7.xml::make_issuer_ref_nullable::R3.Corda, databaseChangeLog=master.changelog.json}
?[m?[37m[INFO] 17:31:26,452 [driver-pool-thread-1] changelog.ChangeSet. - ChangeSet migration/vault-schema.changelog-v7.xml::make_issuer_ref_nullable::R3.Corda ran successfully in 1ms {changeSet=migration/vault-schema.changelog-v7.xml::make_issuer_ref_nullable::R3.Corda, databaseChangeLog=master.changelog.json}
?[m?[37m[INFO] 17:31:26,452 [driver-pool-thread-1] jvm.JdbcExecutor. - INSERT INTO PUBLIC.DATABASECHANGELOG (ID, AUTHOR, FILENAME, DATEEXECUTED, ORDEREXECUTED, MD5SUM, DESCRIPTION, COMMENTS, EXECTYPE, CONTEXTS, LABELS, LIQUIBASE, DEPLOYMENT_ID) VALUES ('make_issuer_ref_nullable', 'R3.Corda', 'migration/vault-schema.changelog-v7.xml', NOW(), 26, '8:58039722b4808e90a7711d3c82e5fc95', 'dropNotNullConstraint columnName=issuer_ref, tableName=vault_fungible_states', '', 'EXECUTED', NULL, NULL, '3.6.3', '7573086214') {changeSet=migration/vault-schema.changelog-v7.xml::make_issuer_ref_nullable::R3.Corda, databaseChangeLog=master.changelog.json}
?[m?[37m[INFO] 17:31:26,453 [driver-pool-thread-1] jvm.JdbcExecutor. - CREATE TABLE PUBLIC.state_party (output_index INT, transaction_id NVARCHAR(64), public_key_hash NVARCHAR(255) NOT NULL, x500_name NVARCHAR(255)) {changeSet=migration/vault-schema.changelog-v8.xml::create-external-id-to-state-party-view::R3.Corda, databaseChangeLog=master.changelog.json}
?[m?[37m[INFO] 17:31:26,454 [driver-pool-thread-1] changelog.ChangeSet. - Table state_party created {changeSet=migration/vault-schema.changelog-v8.xml::create-external-id-to-state-party-view::R3.Corda, databaseChangeLog=master.changelog.json}
?[m?[37m[INFO] 17:31:26,455 [driver-pool-thread-1] jvm.JdbcExecutor. - CREATE INDEX PUBLIC.state_pk_hash_idx ON PUBLIC.state_party(public_key_hash) {changeSet=migration/vault-schema.changelog-v8.xml::create-external-id-to-state-party-view::R3.Corda, databaseChangeLog=master.changelog.json}
?[m?[37m[INFO] 17:31:26,455 [driver-pool-thread-1] changelog.ChangeSet. - Index state_pk_hash_idx created {changeSet=migration/vault-schema.changelog-v8.xml::create-external-id-to-state-party-view::R3.Corda, databaseChangeLog=master.changelog.json}
?[m?[37m[INFO] 17:31:26,455 [driver-pool-thread-1] jvm.JdbcExecutor. - CREATE TABLE PUBLIC.pk_hash_to_ext_id_map (id BIGINT NOT NULL, external_id VARCHAR(255) NOT NULL, public_key_hash NVARCHAR(255) NOT NULL) {changeSet=migration/vault-schema.changelog-v8.xml::create-external-id-to-state-party-view::R3.Corda, databaseChangeLog=master.changelog.json}
?[m?[37m[INFO] 17:31:26,456 [driver-pool-thread-1] changelog.ChangeSet. - Table pk_hash_to_ext_id_map created {changeSet=migration/vault-schema.changelog-v8.xml::create-external-id-to-state-party-view::R3.Corda, databaseChangeLog=master.changelog.json}
?[m?[37m[INFO] 17:31:26,456 [driver-pool-thread-1] jvm.JdbcExecutor. - CREATE INDEX PUBLIC.pk_hash_to_xid_idx ON PUBLIC.pk_hash_to_ext_id_map(public_key_hash) {changeSet=migration/vault-schema.changelog-v8.xml::create-external-id-to-state-party-view::R3.Corda, databaseChangeLog=master.changelog.json}
?[m?[37m[INFO] 17:31:26,456 [driver-pool-thread-1] changelog.ChangeSet. - Index pk_hash_to_xid_idx created {changeSet=migration/vault-schema.changelog-v8.xml::create-external-id-to-state-party-view::R3.Corda, databaseChangeLog=master.changelog.json}
?[m?[37m[INFO] 17:31:26,457 [driver-pool-thread-1] jvm.JdbcExecutor. - CREATE VIEW PUBLIC.v_pkey_hash_ex_id_map AS select
                state_party.public_key_hash,
                state_party.transaction_id,
                state_party.output_index,
                pk_hash_to_ext_id_map.external_id
            from state_party
            join pk_hash_to_ext_id_map
            on state_party.public_key_hash = pk_hash_to_ext_id_map.public_key_hash {changeSet=migration/vault-schema.changelog-v8.xml::create-external-id-to-state-party-view::R3.Corda, databaseChangeLog=master.changelog.json}
?[m?[37m[INFO] 17:31:26,459 [driver-pool-thread-1] changelog.ChangeSet. - View v_pkey_hash_ex_id_map created {changeSet=migration/vault-schema.changelog-v8.xml::create-external-id-to-state-party-view::R3.Corda, databaseChangeLog=master.changelog.json}
?[m?[37m[INFO] 17:31:26,459 [driver-pool-thread-1] changelog.ChangeSet. - ChangeSet migration/vault-schema.changelog-v8.xml::create-external-id-to-state-party-view::R3.Corda ran successfully in 6ms {changeSet=migration/vault-schema.changelog-v8.xml::create-external-id-to-state-party-view::R3.Corda, databaseChangeLog=master.changelog.json}
?[m?[37m[INFO] 17:31:26,459 [driver-pool-thread-1] jvm.JdbcExecutor. - INSERT INTO PUBLIC.DATABASECHANGELOG (ID, AUTHOR, FILENAME, DATEEXECUTED, ORDEREXECUTED, MD5SUM, DESCRIPTION, COMMENTS, EXECTYPE, CONTEXTS, LABELS, LIQUIBASE, DEPLOYMENT_ID) VALUES ('create-external-id-to-state-party-view', 'R3.Corda', 'migration/vault-schema.changelog-v8.xml', NOW(), 27, '8:9a5b20f7b7367bb3b86f600bccaa423b', 'createTable tableName=state_party; createIndex indexName=state_pk_hash_idx, tableName=state_party; createTable tableName=pk_hash_to_ext_id_map; createIndex indexName=pk_hash_to_xid_idx, tableName=pk_hash_to_ext_id_map; createView viewName=v_pkey_h...', '', 'EXECUTED', NULL, NULL, '3.6.3', '7573086214') {changeSet=migration/vault-schema.changelog-v8.xml::create-external-id-to-state-party-view::R3.Corda, databaseChangeLog=master.changelog.json}
?[m?[37m[INFO] 17:31:26,460 [driver-pool-thread-1] jvm.JdbcExecutor. - ALTER TABLE PUBLIC.vault_states ALTER COLUMN constraint_data VARBINARY(20000) {changeSet=migration/vault-schema.changelog-v11.xml::expand_constraint_data_size::R3.Corda, databaseChangeLog=master.changelog.json}
?[m?[37m[INFO] 17:31:26,468 [driver-pool-thread-1] changelog.ChangeSet. - vault_states.constraint_data datatype was changed to varbinary(20000) {changeSet=migration/vault-schema.changelog-v11.xml::expand_constraint_data_size::R3.Corda, databaseChangeLog=master.changelog.json}
?[m?[37m[INFO] 17:31:26,468 [driver-pool-thread-1] changelog.ChangeSet. - ChangeSet migration/vault-schema.changelog-v11.xml::expand_constraint_data_size::R3.Corda ran successfully in 8ms {changeSet=migration/vault-schema.changelog-v11.xml::expand_constraint_data_size::R3.Corda, databaseChangeLog=master.changelog.json}
?[m?[37m[INFO] 17:31:26,469 [driver-pool-thread-1] jvm.JdbcExecutor. - INSERT INTO PUBLIC.DATABASECHANGELOG (ID, AUTHOR, FILENAME, DATEEXECUTED, ORDEREXECUTED, MD5SUM, DESCRIPTION, COMMENTS, EXECTYPE, CONTEXTS, LABELS, LIQUIBASE, DEPLOYMENT_ID) VALUES ('expand_constraint_data_size', 'R3.Corda', 'migration/vault-schema.changelog-v11.xml', NOW(), 28, '8:0bd51f3d930d4b03d7b1075454bb2d70', 'modifyDataType columnName=constraint_data, tableName=vault_states', '', 'EXECUTED', NULL, NULL, '3.6.3', '7573086214') {changeSet=migration/vault-schema.changelog-v11.xml::expand_constraint_data_size::R3.Corda, databaseChangeLog=master.changelog.json}
?[m?[37m[INFO] 17:31:26,470 [driver-pool-thread-1] jvm.JdbcExecutor. - CREATE TABLE PUBLIC.node_link_nodeinfo_party (node_info_id INT NOT NULL, party_name NVARCHAR(255) NOT NULL) {changeSet=migration/node-info.changelog-init.xml::1511451595465-4::R3.Corda, databaseChangeLog=master.changelog.json}
?[m?[37m[INFO] 17:31:26,471 [driver-pool-thread-1] changelog.ChangeSet. - Table node_link_nodeinfo_party created {changeSet=migration/node-info.changelog-init.xml::1511451595465-4::R3.Corda, databaseChangeLog=master.changelog.json}
?[m?[37m[INFO] 17:31:26,471 [driver-pool-thread-1] changelog.ChangeSet. - ChangeSet migration/node-info.changelog-init.xml::1511451595465-4::R3.Corda ran successfully in 2ms {changeSet=migration/node-info.changelog-init.xml::1511451595465-4::R3.Corda, databaseChangeLog=master.changelog.json}
?[m?[37m[INFO] 17:31:26,472 [driver-pool-thread-1] jvm.JdbcExecutor. - INSERT INTO PUBLIC.DATABASECHANGELOG (ID, AUTHOR, FILENAME, DATEEXECUTED, ORDEREXECUTED, MD5SUM, DESCRIPTION, COMMENTS, EXECTYPE, CONTEXTS, LABELS, LIQUIBASE, DEPLOYMENT_ID) VALUES ('1511451595465-4', 'R3.Corda', 'migration/node-info.changelog-init.xml', NOW(), 29, '8:cbf3edf78266c3bd22738eaf20c7c111', 'createTable tableName=node_link_nodeinfo_party', '', 'EXECUTED', NULL, NULL, '3.6.3', '7573086214') {changeSet=migration/node-info.changelog-init.xml::1511451595465-4::R3.Corda, databaseChangeLog=master.changelog.json}
?[m?[37m[INFO] 17:31:26,472 [driver-pool-thread-1] jvm.JdbcExecutor. - CREATE TABLE PUBLIC.node_info_hosts (host NVARCHAR(255) NOT NULL, port INT NOT NULL, node_info_id INT) {changeSet=migration/node-info.changelog-init.xml::1511451595465-10::R3.Corda, databaseChangeLog=master.changelog.json}
?[m?[37m[INFO] 17:31:26,473 [driver-pool-thread-1] changelog.ChangeSet. - Table node_info_hosts created {changeSet=migration/node-info.changelog-init.xml::1511451595465-10::R3.Corda, databaseChangeLog=master.changelog.json}
?[m?[37m[INFO] 17:31:26,473 [driver-pool-thread-1] changelog.ChangeSet. - ChangeSet migration/node-info.changelog-init.xml::1511451595465-10::R3.Corda ran successfully in 1ms {changeSet=migration/node-info.changelog-init.xml::1511451595465-10::R3.Corda, databaseChangeLog=master.changelog.json}
?[m?[37m[INFO] 17:31:26,474 [driver-pool-thread-1] jvm.JdbcExecutor. - INSERT INTO PUBLIC.DATABASECHANGELOG (ID, AUTHOR, FILENAME, DATEEXECUTED, ORDEREXECUTED, MD5SUM, DESCRIPTION, COMMENTS, EXECTYPE, CONTEXTS, LABELS, LIQUIBASE, DEPLOYMENT_ID) VALUES ('1511451595465-10', 'R3.Corda', 'migration/node-info.changelog-init.xml', NOW(), 30, '8:f0b2c5a77ffde6aaa3c417095fc220a9', 'createTable tableName=node_info_hosts', '', 'EXECUTED', NULL, NULL, '3.6.3', '7573086214') {changeSet=migration/node-info.changelog-init.xml::1511451595465-10::R3.Corda, databaseChangeLog=master.changelog.json}
?[m?[37m[INFO] 17:31:26,475 [driver-pool-thread-1] jvm.JdbcExecutor. - CREATE TABLE PUBLIC.node_info_party_cert (party_name NVARCHAR(255) NOT NULL, ismain BOOLEAN NOT NULL, owning_key_hash NVARCHAR(130), party_cert_binary BLOB) {changeSet=migration/node-info.changelog-init.xml::1511451595465-11::R3.Corda, databaseChangeLog=master.changelog.json}
?[m?[37m[INFO] 17:31:26,475 [driver-pool-thread-1] changelog.ChangeSet. - Table node_info_party_cert created {changeSet=migration/node-info.changelog-init.xml::1511451595465-11::R3.Corda, databaseChangeLog=master.changelog.json}
?[m?[37m[INFO] 17:31:26,475 [driver-pool-thread-1] changelog.ChangeSet. - ChangeSet migration/node-info.changelog-init.xml::1511451595465-11::R3.Corda ran successfully in 1ms {changeSet=migration/node-info.changelog-init.xml::1511451595465-11::R3.Corda, databaseChangeLog=master.changelog.json}
?[m?[37m[INFO] 17:31:26,476 [driver-pool-thread-1] jvm.JdbcExecutor. - INSERT INTO PUBLIC.DATABASECHANGELOG (ID, AUTHOR, FILENAME, DATEEXECUTED, ORDEREXECUTED, MD5SUM, DESCRIPTION, COMMENTS, EXECTYPE, CONTEXTS, LABELS, LIQUIBASE, DEPLOYMENT_ID) VALUES ('1511451595465-11', 'R3.Corda', 'migration/node-info.changelog-init.xml', NOW(), 31, '8:5eacbf7ce0d85376219f1903b55f5e18', 'createTable tableName=node_info_party_cert', '', 'EXECUTED', NULL, NULL, '3.6.3', '7573086214') {changeSet=migration/node-info.changelog-init.xml::1511451595465-11::R3.Corda, databaseChangeLog=master.changelog.json}
?[m?[37m[INFO] 17:31:26,477 [driver-pool-thread-1] jvm.JdbcExecutor. - CREATE TABLE PUBLIC.node_infos (node_info_id INT NOT NULL, node_info_hash NVARCHAR(64), platform_version INT, serial BIGINT) {changeSet=migration/node-info.changelog-init.xml::1511451595465-12::R3.Corda, databaseChangeLog=master.changelog.json}
?[m?[37m[INFO] 17:31:26,478 [driver-pool-thread-1] changelog.ChangeSet. - Table node_infos created {changeSet=migration/node-info.changelog-init.xml::1511451595465-12::R3.Corda, databaseChangeLog=master.changelog.json}
?[m?[37m[INFO] 17:31:26,478 [driver-pool-thread-1] changelog.ChangeSet. - ChangeSet migration/node-info.changelog-init.xml::1511451595465-12::R3.Corda ran successfully in 1ms {changeSet=migration/node-info.changelog-init.xml::1511451595465-12::R3.Corda, databaseChangeLog=master.changelog.json}
?[m?[37m[INFO] 17:31:26,478 [driver-pool-thread-1] jvm.JdbcExecutor. - INSERT INTO PUBLIC.DATABASECHANGELOG (ID, AUTHOR, FILENAME, DATEEXECUTED, ORDEREXECUTED, MD5SUM, DESCRIPTION, COMMENTS, EXECTYPE, CONTEXTS, LABELS, LIQUIBASE, DEPLOYMENT_ID) VALUES ('1511451595465-12', 'R3.Corda', 'migration/node-info.changelog-init.xml', NOW(), 32, '8:7e30f20cf268860d637ecfb8635f45a3', 'createTable tableName=node_infos', '', 'EXECUTED', NULL, NULL, '3.6.3', '7573086214') {changeSet=migration/node-info.changelog-init.xml::1511451595465-12::R3.Corda, databaseChangeLog=master.changelog.json}
?[m?[37m[INFO] 17:31:26,479 [driver-pool-thread-1] jvm.JdbcExecutor. - ALTER TABLE PUBLIC.node_info_hosts ADD CONSTRAINT node_info_hosts_pkey PRIMARY KEY (host, port) {changeSet=migration/node-info.changelog-init.xml::1511451595465-35::R3.Corda, databaseChangeLog=master.changelog.json}
?[m?[37m[INFO] 17:31:26,480 [driver-pool-thread-1] changelog.ChangeSet. - Primary key added to node_info_hosts (host, port) {changeSet=migration/node-info.changelog-init.xml::1511451595465-35::R3.Corda, databaseChangeLog=master.changelog.json}
?[m?[37m[INFO] 17:31:26,480 [driver-pool-thread-1] changelog.ChangeSet. - ChangeSet migration/node-info.changelog-init.xml::1511451595465-35::R3.Corda ran successfully in 1ms {changeSet=migration/node-info.changelog-init.xml::1511451595465-35::R3.Corda, databaseChangeLog=master.changelog.json}
?[m?[37m[INFO] 17:31:26,480 [driver-pool-thread-1] jvm.JdbcExecutor. - INSERT INTO PUBLIC.DATABASECHANGELOG (ID, AUTHOR, FILENAME, DATEEXECUTED, ORDEREXECUTED, MD5SUM, DESCRIPTION, COMMENTS, EXECTYPE, CONTEXTS, LABELS, LIQUIBASE, DEPLOYMENT_ID) VALUES ('1511451595465-35', 'R3.Corda', 'migration/node-info.changelog-init.xml', NOW(), 33, '8:0d1a734e7350a8278808f540d992fedf', 'addPrimaryKey constraintName=node_info_hosts_pkey, tableName=node_info_hosts', '', 'EXECUTED', NULL, NULL, '3.6.3', '7573086214') {changeSet=migration/node-info.changelog-init.xml::1511451595465-35::R3.Corda, databaseChangeLog=master.changelog.json}
?[m?[37m[INFO] 17:31:26,481 [driver-pool-thread-1] jvm.JdbcExecutor. - ALTER TABLE PUBLIC.node_info_party_cert ADD CONSTRAINT node_info_party_cert_pkey PRIMARY KEY (party_name) {changeSet=migration/node-info.changelog-init.xml::1511451595465-36::R3.Corda, databaseChangeLog=master.changelog.json}
?[m?[37m[INFO] 17:31:26,481 [driver-pool-thread-1] changelog.ChangeSet. - Primary key added to node_info_party_cert (party_name) {changeSet=migration/node-info.changelog-init.xml::1511451595465-36::R3.Corda, databaseChangeLog=master.changelog.json}
?[m?[37m[INFO] 17:31:26,482 [driver-pool-thread-1] changelog.ChangeSet. - ChangeSet migration/node-info.changelog-init.xml::1511451595465-36::R3.Corda ran successfully in 1ms {changeSet=migration/node-info.changelog-init.xml::1511451595465-36::R3.Corda, databaseChangeLog=master.changelog.json}
?[m?[37m[INFO] 17:31:26,482 [driver-pool-thread-1] jvm.JdbcExecutor. - INSERT INTO PUBLIC.DATABASECHANGELOG (ID, AUTHOR, FILENAME, DATEEXECUTED, ORDEREXECUTED, MD5SUM, DESCRIPTION, COMMENTS, EXECTYPE, CONTEXTS, LABELS, LIQUIBASE, DEPLOYMENT_ID) VALUES ('1511451595465-36', 'R3.Corda', 'migration/node-info.changelog-init.xml', NOW(), 34, '8:dc78ba227ce869f406d2645c2064e8dc', 'addPrimaryKey constraintName=node_info_party_cert_pkey, tableName=node_info_party_cert', '', 'EXECUTED', NULL, NULL, '3.6.3', '7573086214') {changeSet=migration/node-info.changelog-init.xml::1511451595465-36::R3.Corda, databaseChangeLog=master.changelog.json}
?[m?[37m[INFO] 17:31:26,483 [driver-pool-thread-1] jvm.JdbcExecutor. - ALTER TABLE PUBLIC.node_infos ADD CONSTRAINT node_infos_pkey PRIMARY KEY (node_info_id) {changeSet=migration/node-info.changelog-init.xml::1511451595465-37::R3.Corda, databaseChangeLog=master.changelog.json}
?[m?[37m[INFO] 17:31:26,483 [driver-pool-thread-1] changelog.ChangeSet. - Primary key added to node_infos (node_info_id) {changeSet=migration/node-info.changelog-init.xml::1511451595465-37::R3.Corda, databaseChangeLog=master.changelog.json}
?[m?[37m[INFO] 17:31:26,483 [driver-pool-thread-1] changelog.ChangeSet. - ChangeSet migration/node-info.changelog-init.xml::1511451595465-37::R3.Corda ran successfully in 0ms {changeSet=migration/node-info.changelog-init.xml::1511451595465-37::R3.Corda, databaseChangeLog=master.changelog.json}
?[m?[37m[INFO] 17:31:26,484 [driver-pool-thread-1] jvm.JdbcExecutor. - INSERT INTO PUBLIC.DATABASECHANGELOG (ID, AUTHOR, FILENAME, DATEEXECUTED, ORDEREXECUTED, MD5SUM, DESCRIPTION, COMMENTS, EXECTYPE, CONTEXTS, LABELS, LIQUIBASE, DEPLOYMENT_ID) VALUES ('1511451595465-37', 'R3.Corda', 'migration/node-info.changelog-init.xml', NOW(), 35, '8:c07cbda2d04c6d77539ac802c66df023', 'addPrimaryKey constraintName=node_infos_pkey, tableName=node_infos', '', 'EXECUTED', NULL, NULL, '3.6.3', '7573086214') {changeSet=migration/node-info.changelog-init.xml::1511451595465-37::R3.Corda, databaseChangeLog=master.changelog.json}
?[m?[37m[INFO] 17:31:26,485 [driver-pool-thread-1] jvm.JdbcExecutor. - ALTER TABLE PUBLIC.node_link_nodeinfo_party ADD CONSTRAINT FK__link_nodeinfo_party__infos FOREIGN KEY (node_info_id) REFERENCES PUBLIC.node_infos (node_info_id) {changeSet=migration/node-info.changelog-init.xml::1511451595465-62::R3.Corda, databaseChangeLog=master.changelog.json}
?[m?[37m[INFO] 17:31:26,486 [driver-pool-thread-1] changelog.ChangeSet. - Foreign key constraint added to node_link_nodeinfo_party (node_info_id) {changeSet=migration/node-info.changelog-init.xml::1511451595465-62::R3.Corda, databaseChangeLog=master.changelog.json}
?[m?[37m[INFO] 17:31:26,486 [driver-pool-thread-1] changelog.ChangeSet. - ChangeSet migration/node-info.changelog-init.xml::1511451595465-62::R3.Corda ran successfully in 2ms {changeSet=migration/node-info.changelog-init.xml::1511451595465-62::R3.Corda, databaseChangeLog=master.changelog.json}
?[m?[37m[INFO] 17:31:26,487 [driver-pool-thread-1] jvm.JdbcExecutor. - INSERT INTO PUBLIC.DATABASECHANGELOG (ID, AUTHOR, FILENAME, DATEEXECUTED, ORDEREXECUTED, MD5SUM, DESCRIPTION, COMMENTS, EXECTYPE, CONTEXTS, LABELS, LIQUIBASE, DEPLOYMENT_ID) VALUES ('1511451595465-62', 'R3.Corda', 'migration/node-info.changelog-init.xml', NOW(), 36, '8:073bbdb8865055a19cde67340a2063e2', 'addForeignKeyConstraint baseTableName=node_link_nodeinfo_party, constraintName=FK__link_nodeinfo_party__infos, referencedTableName=node_infos', '', 'EXECUTED', NULL, NULL, '3.6.3', '7573086214') {changeSet=migration/node-info.changelog-init.xml::1511451595465-62::R3.Corda, databaseChangeLog=master.changelog.json}
?[m?[37m[INFO] 17:31:26,488 [driver-pool-thread-1] jvm.JdbcExecutor. - ALTER TABLE PUBLIC.node_info_hosts ADD CONSTRAINT FK__info_hosts__infos FOREIGN KEY (node_info_id) REFERENCES PUBLIC.node_infos (node_info_id) {changeSet=migration/node-info.changelog-init.xml::1511451595465-63::R3.Corda, databaseChangeLog=master.changelog.json}
?[m?[37m[INFO] 17:31:26,490 [driver-pool-thread-1] changelog.ChangeSet. - Foreign key constraint added to node_info_hosts (node_info_id) {changeSet=migration/node-info.changelog-init.xml::1511451595465-63::R3.Corda, databaseChangeLog=master.changelog.json}
?[m?[37m[INFO] 17:31:26,490 [driver-pool-thread-1] changelog.ChangeSet. - ChangeSet migration/node-info.changelog-init.xml::1511451595465-63::R3.Corda ran successfully in 2ms {changeSet=migration/node-info.changelog-init.xml::1511451595465-63::R3.Corda, databaseChangeLog=master.changelog.json}
?[m?[37m[INFO] 17:31:26,491 [driver-pool-thread-1] jvm.JdbcExecutor. - INSERT INTO PUBLIC.DATABASECHANGELOG (ID, AUTHOR, FILENAME, DATEEXECUTED, ORDEREXECUTED, MD5SUM, DESCRIPTION, COMMENTS, EXECTYPE, CONTEXTS, LABELS, LIQUIBASE, DEPLOYMENT_ID) VALUES ('1511451595465-63', 'R3.Corda', 'migration/node-info.changelog-init.xml', NOW(), 37, '8:fa5ee007de41334ad2ac991b32969076', 'addForeignKeyConstraint baseTableName=node_info_hosts, constraintName=FK__info_hosts__infos, referencedTableName=node_infos', '', 'EXECUTED', NULL, NULL, '3.6.3', '7573086214') {changeSet=migration/node-info.changelog-init.xml::1511451595465-63::R3.Corda, databaseChangeLog=master.changelog.json}
?[m?[37m[INFO] 17:31:26,492 [driver-pool-thread-1] jvm.JdbcExecutor. - DELETE FROM PUBLIC.node_infos {changeSet=migration/node-info.changelog-init.xml::remove_host_port_pk::R3.Corda, databaseChangeLog=master.changelog.json}
?[m?[37m[INFO] 17:31:26,492 [driver-pool-thread-1] changelog.ChangeSet. - Data deleted from node_infos {changeSet=migration/node-info.changelog-init.xml::remove_host_port_pk::R3.Corda, databaseChangeLog=master.changelog.json}
[...]
?[m?[37m[INFO] 17:31:34,754 [driver-pool-thread-0] internal.ArtemisMessagingClient. - Connecting to message broker: localhost:10357
?[m?[37m[INFO] 17:31:34,817 [driver-pool-thread-1] internal.JtaPlatformInitiator. - HHH000490: Using JtaPlatform implementation: [org.hibernate.engine.transaction.jta.platform.internal.NoJtaPlatform] {changeSet=migration/vault-schema.changelog-v9.xml::update-vault-states::R3.Corda, databaseChangeLog=master.changelog.json}
?[m?[37m[INFO] 17:31:34,817 [driver-pool-thread-1] persistence.HibernateConfiguration. - Created session factory for schemas: [VaultMigrationSchemaV1(name=net.corda.node.migration.VaultMigrationSchema, version=1), VaultSchemaV1(name=net.corda.node.services.vault.VaultSchema, version=1)] {changeSet=migration/vault-schema.changelog-v9.xml::update-vault-states::R3.Corda, databaseChangeLog=master.changelog.json}
?[m?[37m[INFO] 17:31:34,840 [driver-pool-thread-0] internal.ArtemisMessagingClient. - Connecting to message broker: localhost:10357
?[m?[37m[INFO] 17:31:34,844 [driver-pool-thread-1] migration.VaultStateMigration. - Finished performing vault state data migration for 0 states {changeSet=migration/vault-schema.changelog-v9.xml::update-vault-states::R3.Corda, databaseChangeLog=master.changelog.json}
?[m?[37m[INFO] 17:31:34,844 [driver-pool-thread-1] changelog.ChangeSet. - null {changeSet=migration/vault-schema.changelog-v9.xml::update-vault-states::R3.Corda, databaseChangeLog=master.changelog.json}
?[m?[37m[INFO] 17:31:34,844 [driver-pool-thread-1] changelog.ChangeSet. - ChangeSet migration/vault-schema.changelog-v9.xml::update-vault-states::R3.Corda ran successfully in 170ms {changeSet=migration/vault-schema.changelog-v9.xml::update-vault-states::R3.Corda, databaseChangeLog=master.changelog.json}
?[m?[37m[INFO] 17:31:34,845 [driver-pool-thread-1] jvm.JdbcExecutor. - INSERT INTO PUBLIC.DATABASECHANGELOG (ID, AUTHOR, FILENAME, DATEEXECUTED, ORDEREXECUTED, MD5SUM, DESCRIPTION, COMMENTS, EXECTYPE, CONTEXTS, LABELS, LIQUIBASE, DEPLOYMENT_ID) VALUES ('update-vault-states', 'R3.Corda', 'migration/vault-schema.changelog-v9.xml', NOW(), 92, '8:f8f4c73846280164daf6855e1ecf3cc6', 'customChange', '', 'EXECUTED', NULL, NULL, '3.6.3', '7573094500') {changeSet=migration/vault-schema.changelog-v9.xml::update-vault-states::R3.Corda, databaseChangeLog=master.changelog.json}
?[m?[37m[INFO] 17:31:34,846 [driver-pool-thread-1] migration.PersistentIdentityMigrationNewTable. - Migrating persistent identities with certificates table into persistent table with no certificate data. {changeSet=migration/node-services.changelog-init.xml::transfer-to-new-persistence-table::R3.Corda, databaseChangeLog=master.changelog.json}
?[m?[37m[INFO] 17:31:34,850 [driver-pool-thread-1] persistence.HibernateConfiguration. - Init HibernateConfiguration for schemas: [MappedSchema(name=net.corda.node.migration.PersistentIdentitiesMigrationSchema, version=1)] {changeSet=migration/node-services.changelog-init.xml::transfer-to-new-persistence-table::R3.Corda, databaseChangeLog=master.changelog.json}
?[m?[37m[INFO] 17:31:34,850 [driver-pool-thread-1] persistence.HibernateConfiguration. - Creating session factory for schemas: [MappedSchema(name=net.corda.node.migration.PersistentIdentitiesMigrationSchema, version=1)] {changeSet=migration/node-services.changelog-init.xml::transfer-to-new-persistence-table::R3.Corda, databaseChangeLog=master.changelog.json}
?[m?[37m[INFO] 17:31:34,866 [driver-pool-thread-1] internal.ConnectionProviderInitiator. - HHH000130: Instantiating explicit connection provider: net.corda.nodeapi.internal.persistence.HibernateConfiguration$NodeDatabaseConnectionProvider {changeSet=migration/node-services.changelog-init.xml::transfer-to-new-persistence-table::R3.Corda, databaseChangeLog=master.changelog.json}
?[m?[37m[INFO] 17:31:34,866 [driver-pool-thread-1] dialect.Dialect. - HHH000400: Using dialect: org.hibernate.dialect.H2Dialect {changeSet=migration/node-services.changelog-init.xml::transfer-to-new-persistence-table::R3.Corda, databaseChangeLog=master.changelog.json}
?[m?[37m[INFO] 17:31:34,919 [driver-pool-thread-0] messaging.P2PMessagingClient. - Connecting to message broker: localhost:10357
?[m?[37m[INFO] 17:31:34,927 [driver-pool-thread-1] connections.access. - HHH10001501: Connection obtained from JdbcConnectionAccess [org.hibernate.engine.jdbc.env.internal.JdbcEnvironmentInitiator$ConnectionProviderJdbcConnectionAccess@57dd5422] for (non-JTA) DDL execution was not in auto-commit mode; the Connection 'local transaction' will be committed and the Connection will be set into auto-commit mode. {changeSet=migration/node-services.changelog-init.xml::transfer-to-new-persistence-table::R3.Corda, databaseChangeLog=master.changelog.json}
?[m?[37m[INFO] 17:31:34,949 [driver-pool-thread-1] internal.JtaPlatformInitiator. - HHH000490: Using JtaPlatform implementation: [org.hibernate.engine.transaction.jta.platform.internal.NoJtaPlatform] {changeSet=migration/node-services.changelog-init.xml::transfer-to-new-persistence-table::R3.Corda, databaseChangeLog=master.changelog.json}
?[m?[37m[INFO] 17:31:34,949 [driver-pool-thread-1] persistence.HibernateConfiguration. - Created session factory for schemas: [MappedSchema(name=net.corda.node.migration.PersistentIdentitiesMigrationSchema, version=1)] {changeSet=migration/node-services.changelog-init.xml::transfer-to-new-persistence-table::R3.Corda, databaseChangeLog=master.changelog.json}
?[m?[37m[INFO] 17:31:34,952 [driver-pool-thread-1] changelog.ChangeSet. - null {changeSet=migration/node-services.changelog-init.xml::transfer-to-new-persistence-table::R3.Corda, databaseChangeLog=master.changelog.json}
?[m?[37m[INFO] 17:31:34,952 [driver-pool-thread-0] messaging.P2PMessagingClient. - Create fresh queue p2p.inbound.DLCM2kf1HCkM2Mi9thzBGqXe5b3mVRMNFDKUYToSB2aKLq bound on same address
?[m?[37m[INFO] 17:31:34,953 [driver-pool-thread-1] changelog.ChangeSet. - ChangeSet migration/node-services.changelog-init.xml::transfer-to-new-persistence-table::R3.Corda ran successfully in 107ms {changeSet=migration/node-services.changelog-init.xml::transfer-to-new-persistence-table::R3.Corda, databaseChangeLog=master.changelog.json}
?[m?[37m[INFO] 17:31:34,953 [driver-pool-thread-1] jvm.JdbcExecutor. - INSERT INTO PUBLIC.DATABASECHANGELOG (ID, AUTHOR, FILENAME, DATEEXECUTED, ORDEREXECUTED, MD5SUM, DESCRIPTION, COMMENTS, EXECTYPE, CONTEXTS, LABELS, LIQUIBASE, DEPLOYMENT_ID) VALUES ('transfer-to-new-persistence-table', 'R3.Corda', 'migration/node-services.changelog-init.xml', NOW(), 93, '8:dc5c1913b593f4a2b95ddca810da11ba', 'customChange', '', 'EXECUTED', NULL, NULL, '3.6.3', '7573094500') {changeSet=migration/node-services.changelog-init.xml::transfer-to-new-persistence-table::R3.Corda, databaseChangeLog=master.changelog.json}
?[m?[37m[INFO] 17:31:34,954 [driver-pool-thread-1] lockservice.StandardLockService. - Successfully released change log lock
?[m?[37m[INFO] 17:31:34,954 [driver-pool-thread-1] internal.Node. - Connected to H2 database.
?[m?[37m[INFO] 17:31:34,955 [driver-pool-thread-1] persistence.HibernateConfiguration. - Init HibernateConfiguration for schemas: [CommonSchemaV1(name=net.corda.core.schemas.CommonSchema, version=1), VaultSchemaV1(name=net.corda.node.services.vault.VaultSchema, version=1), NodeInfoSchemaV1(name=net.corda.node.internal.schemas.NodeInfoSchema, version=1), NodeCoreV1(name=net.corda.node.services.schema.NodeSchemaService$NodeCore, version=1)]
?[m?[37m[INFO] 17:31:34,955 [driver-pool-thread-1] persistence.HibernateConfiguration. - Creating session factory for schemas: [CommonSchemaV1(name=net.corda.core.schemas.CommonSchema, version=1), VaultSchemaV1(name=net.corda.node.services.vault.VaultSchema, version=1), NodeInfoSchemaV1(name=net.corda.node.internal.schemas.NodeInfoSchema, version=1), NodeCoreV1(name=net.corda.node.services.schema.NodeSchemaService$NodeCore, version=1)]
?[m?[37m[INFO] 17:31:34,962 [driver-pool-thread-1] internal.ConnectionProviderInitiator. - HHH000130: Instantiating explicit connection provider: net.corda.nodeapi.internal.persistence.HibernateConfiguration$NodeDatabaseConnectionProvider
?[m?[37m[INFO] 17:31:34,962 [driver-pool-thread-1] dialect.Dialect. - HHH000400: Using dialect: org.hibernate.dialect.H2Dialect
?[m?[37m[INFO] 17:31:34,988 [Thread-0 (ActiveMQ-client-factory-threads-635795438)] bridging.BridgeControlListener. - Received bridge control message NodeToBridgeSnapshot(nodeIdentity=O=BankA, L=, C=GB, inboxQueues=[p2p.inbound.DLCM2kf1HCkM2Mi9thzBGqXe5b3mVRMNFDKUYToSB2aKLq], sendQueues=[])
?[m?[37m[INFO] 17:31:35,004 [driver-pool-thread-0] ClassloaderUtils. - Contracts loading for '/var/folders/xl/0rqzrwrj7xd5kw16ht5q_44m0000gn/T/attachment1387881932804361269.jar' took 8 msec
?[m?[37m[INFO] 17:31:35,009 [driver-pool-thread-0] persistence.NodeAttachmentService. - Stored new attachment: id=FF3886A52D44D6CC84C0181138B25F4FA08707CA360DA508031C455AF0A500E7 uploader=app filename=Contract: custom-cordapp, Workflow: custom-cordapp
?[m?[37m[INFO] 17:31:35,028 [driver-pool-thread-0] statemachine.SingleThreadedStateMachineManager. - Node ready, info: NodeInfo(addresses=[localhost:10357], legalIdentitiesAndCerts=[O=BankA, L=, C=GB], platformVersion=6, serial=1587573094405)
?[m?[37m[INFO] 17:31:35,039 [Node thread-2] internal.Node. - Registering JMX reporter:
?[m?[37m[INFO] 17:31:35,039 [Node thread-2] internal.Node. - Registering Jolokia JMX reporter:
?[m?[37m[INFO] 17:31:35,040 [BankA] rpc.RPCServer. - Starting RPC server with configuration RPCServerConfiguration(rpcThreadPoolSize=4, reapInterval=PT1S, deduplicationCacheExpiry=PT24H)
?[mRunning P2PMessaging loop
?[37m[INFO] 17:31:35,120 [driver-pool-thread-1] connections.access. - HHH10001501: Connection obtained from JdbcConnectionAccess [org.hibernate.engine.jdbc.env.internal.JdbcEnvironmentInitiator$ConnectionProviderJdbcConnectionAccess@b7f0c67] for (non-JTA) DDL execution was not in auto-commit mode; the Connection 'local transaction' will be committed and the Connection will be set into auto-commit mode.
?[m?[37m[INFO] 17:31:35,129 [driver-pool-thread-0] internal.RPCClient. - Startup took 87 msec
?[m?[37m[INFO] 17:31:35,159 [driver-pool-thread-1] internal.JtaPlatformInitiator. - HHH000490: Using JtaPlatform implementation: [org.hibernate.engine.transaction.jta.platform.internal.NoJtaPlatform]
?[m?[37m[INFO] 17:31:35,159 [driver-pool-thread-1] persistence.HibernateConfiguration. - Created session factory for schemas: [CommonSchemaV1(name=net.corda.core.schemas.CommonSchema, version=1), VaultSchemaV1(name=net.corda.node.services.vault.VaultSchema, version=1), NodeInfoSchemaV1(name=net.corda.node.internal.schemas.NodeInfoSchema, version=1), NodeCoreV1(name=net.corda.node.services.schema.NodeSchemaService$NodeCore, version=1)]
?[m?[37m[INFO] 17:31:35,160 [driver-pool-thread-1] internal.Node. - identity-private-key not found in key store, generating fresh key!
?[m?[37m[INFO] 17:31:35,173 [driver-pool-thread-1] internal.Node. - Node-info has changed so submitting update. Old node-info was null
?[m?[37m[INFO] 17:31:35,173 [driver-pool-thread-1] network.PersistentNetworkMapCache. - Adding node with info: NodeInfo(addresses=[localhost:10361], legalIdentitiesAndCerts=[O=BankB, L=, C=US], platformVersion=6, serial=1587573095173)
?[m?[37m[INFO] 17:31:35,174 [driver-pool-thread-1] network.PersistentNetworkMapCache. - No previous node found for O=BankB, L=, C=US
?[m?[37m[INFO] 17:31:35,180 [driver-pool-thread-1] internal.Node. - New node-info: NodeInfo(addresses=[localhost:10361], legalIdentitiesAndCerts=[O=BankB, L=, C=US], platformVersion=6, serial=1587573095173)
?[m?[37m[INFO] 17:31:35,185 [driver-pool-thread-1] network.NetworkMapUpdater. - Auto-accept enabled for network parameter changes which modify only: [epoch, modifiedTime, packageOwnership, whitelistedContractImplementations]
?[m?[37m[INFO] 17:31:35,185 [driver-pool-thread-1] security.RPCSecurityManagerImpl. - Constructing realm from list of users in config [User(default, permissions=[ALL])]
?[mAdvertised P2P messaging addresses      : localhost:10361
RPC connection address                  : localhost:10362
RPC admin connection address            : localhost:10363
?[37m[INFO] 17:31:35,195 [InProcessNode-3-2] network.PersistentNetworkMapCache. - Adding node with info: NodeInfo(addresses=[localhost:10357], legalIdentitiesAndCerts=[O=BankA, L=, C=GB], platformVersion=6, serial=1587573094405)
?[m?[37m[INFO] 17:31:35,197 [InProcessNode-3-2] network.PersistentNetworkMapCache. - No previous node found for O=BankA, L=, C=GB
?[m?[37m[INFO] 17:31:35,212 [InProcessNode-3-2] network.PersistentNetworkMapCache. - Adding node with info: NodeInfo(addresses=[localhost:10353], legalIdentitiesAndCerts=[O=Notary Service, L=Zurich, C=CH], platformVersion=6, serial=1587573090227)
?[m?[37m[INFO] 17:31:35,213 [InProcessNode-3-2] network.PersistentNetworkMapCache. - No previous node found for O=Notary Service, L=Zurich, C=CH
?[m?[37m[INFO] 17:31:35,221 [InProcessNode-3-2] network.PersistentNetworkMapCache. - Adding node with info: NodeInfo(addresses=[localhost:10361], legalIdentitiesAndCerts=[O=BankB, L=, C=US], platformVersion=6, serial=1587573095173)
?[m?[37m[INFO] 17:31:35,223 [InProcessNode-3-2] network.PersistentNetworkMapCache. - Previous node was identical to incoming one - doing nothing
?[m?[37m[INFO] 17:31:35,282 [driver-pool-thread-1] messaging.ArtemisMessagingServer. - P2P messaging server listening on 0.0.0.0:10361
?[m?[37m[INFO] 17:31:35,409 [driver-pool-thread-1] internal.ArtemisMessagingClient. - Connecting to message broker: localhost:10361
?[m?[37m[INFO] 17:31:35,417 [InProcessNode-1-2] network.PersistentNetworkMapCache. - Adding node with info: NodeInfo(addresses=[localhost:10357], legalIdentitiesAndCerts=[O=BankA, L=, C=GB], platformVersion=6, serial=1587573094405)
?[m?[37m[INFO] 17:31:35,418 [InProcessNode-1-2] network.PersistentNetworkMapCache. - No previous node found for O=BankA, L=, C=GB
?[m?[37m[INFO] 17:31:35,435 [InProcessNode-1-2] messaging.P2PMessagingClient. - Updating bridges on network map change: NodeInfo(addresses=[localhost:10357], legalIdentitiesAndCerts=[O=BankA, L=, C=GB], platformVersion=6, serial=1587573094405)
?[m?[37m[INFO] 17:31:35,461 [driver-pool-thread-1] internal.ArtemisMessagingClient. - Connecting to message broker: localhost:10361
?[m?[37m[INFO] 17:31:35,500 [driver-pool-thread-1] messaging.P2PMessagingClient. - Connecting to message broker: localhost:10361
?[m?[37m[INFO] 17:31:35,529 [driver-pool-thread-1] messaging.P2PMessagingClient. - Create fresh queue p2p.inbound.DLHkVYMzushF49Xj1iRBdjF38ki6zy1ZUtSofj4iw66f9G bound on same address
?[m?[37m[INFO] 17:31:35,559 [Thread-0 (ActiveMQ-client-factory-threads-540093344)] bridging.BridgeControlListener. - Received bridge control message NodeToBridgeSnapshot(nodeIdentity=O=BankB, L=, C=US, inboxQueues=[p2p.inbound.DLHkVYMzushF49Xj1iRBdjF38ki6zy1ZUtSofj4iw66f9G], sendQueues=[])
?[m?[37m[INFO] 17:31:35,574 [driver-pool-thread-1] ClassloaderUtils. - Contracts loading for '/var/folders/xl/0rqzrwrj7xd5kw16ht5q_44m0000gn/T/attachment5738697130094518956.jar' took 11 msec
?[m?[37m[INFO] 17:31:35,577 [driver-pool-thread-1] persistence.NodeAttachmentService. - Stored new attachment: id=FF3886A52D44D6CC84C0181138B25F4FA08707CA360DA508031C455AF0A500E7 uploader=app filename=Contract: custom-cordapp, Workflow: custom-cordapp
?[m?[37m[INFO] 17:31:35,586 [driver-pool-thread-1] statemachine.SingleThreadedStateMachineManager. - Node ready, info: NodeInfo(addresses=[localhost:10361], legalIdentitiesAndCerts=[O=BankB, L=, C=US], platformVersion=6, serial=1587573095173)
?[m?[37m[INFO] 17:31:35,592 [Node thread-3] internal.Node. - Registering JMX reporter:
?[m?[37m[INFO] 17:31:35,592 [Node thread-3] internal.Node. - Registering Jolokia JMX reporter:
?[m?[37m[INFO] 17:31:35,593 [BankB] rpc.RPCServer. - Starting RPC server with configuration RPCServerConfiguration(rpcThreadPoolSize=4, reapInterval=PT1S, deduplicationCacheExpiry=PT24H)
?[mRunning P2PMessaging loop
?[37m[INFO] 17:31:35,671 [driver-pool-thread-1] internal.RPCClient. - Startup took 77 msec
?[m?[37m[INFO] 17:31:36,415 [InProcessNode-1-2] network.PersistentNetworkMapCache. - Adding node with info: NodeInfo(addresses=[localhost:10361], legalIdentitiesAndCerts=[O=BankB, L=, C=US], platformVersion=6, serial=1587573095173)
?[m?[37m[INFO] 17:31:36,416 [InProcessNode-1-2] network.PersistentNetworkMapCache. - No previous node found for O=BankB, L=, C=US
?[m?[37m[INFO] 17:31:36,424 [InProcessNode-2-2] network.PersistentNetworkMapCache. - Adding node with info: NodeInfo(addresses=[localhost:10361], legalIdentitiesAndCerts=[O=BankB, L=, C=US], platformVersion=6, serial=1587573095173)
?[m?[37m[INFO] 17:31:36,425 [InProcessNode-2-2] network.PersistentNetworkMapCache. - No previous node found for O=BankB, L=, C=US
?[m?[37m[INFO] 17:31:36,427 [InProcessNode-1-2] messaging.P2PMessagingClient. - Updating bridges on network map change: NodeInfo(addresses=[localhost:10361], legalIdentitiesAndCerts=[O=BankB, L=, C=US], platformVersion=6, serial=1587573095173)
?[m?[37m[INFO] 17:31:36,436 [InProcessNode-2-2] messaging.P2PMessagingClient. - Updating bridges on network map change: NodeInfo(addresses=[localhost:10361], legalIdentitiesAndCerts=[O=BankB, L=, C=US], platformVersion=6, serial=1587573095173)
?[m?[37m[INFO] 17:31:36,499 [Thread-0 (ActiveMQ-client-factory-threads-189573839)] rpc.RPCServer. - Detected RPC client disconnect on address rpc.client.default.1042799778280116427, scheduling for reaping {actor_id=default, actor_owning_identity=O=BankB, L=, C=US, actor_store_id=NODE_CONFIG, invocation_id=21212eb4-a857-41c1-a976-fcf458791cd5, invocation_timestamp=2020-04-22T16:31:36.466Z, origin=default, session_id=4fc48fcb-70d3-4433-aefb-f5205874c362, session_timestamp=2020-04-22T16:31:35.593Z}
?[mShutting down ...
?[37m[INFO] 17:31:36,525 [Thread-0 (ActiveMQ-client-factory-threads-1435397768)] rpc.RPCServer. - Detected RPC client disconnect on address rpc.client.default.3623395852795652950, scheduling for reaping {actor_id=default, actor_owning_identity=O=BankA, L=, C=GB, actor_store_id=NODE_CONFIG, invocation_id=d5e091f2-5500-4247-b1f9-303c652954d5, invocation_timestamp=2020-04-22T16:31:36.458Z, origin=default, session_id=17b99a1c-139a-4a06-85c7-4fa61d48e61a, session_timestamp=2020-04-22T16:31:35.041Z}
?[m?[37m[INFO] 17:31:38,841 [Test worker] hikari.HikariDataSource. - HikariPool-3 - Shutdown initiated...
?[m?[37m[INFO] 17:31:38,849 [Test worker] hikari.HikariDataSource. - HikariPool-3 - Shutdown completed.
?[m?[37m[INFO] 17:31:38,853 [Test worker] internal.Node. - Shutdown complete
?[mShutting down ...
?[37m[INFO] 17:31:41,110 [Test worker] hikari.HikariDataSource. - HikariPool-2 - Shutdown initiated...
?[m?[37m[INFO] 17:31:41,115 [Test worker] hikari.HikariDataSource. - HikariPool-2 - Shutdown completed.
?[m?[37m[INFO] 17:31:41,116 [Test worker] internal.Node. - Shutdown complete
?[mShutting down ...
?[37m[INFO] 17:31:41,122 [Thread-0 (ActiveMQ-client-factory-threads-315642020)] rpc.RPCServer. - Detected RPC client disconnect on address rpc.client.default.4927734176421006267, scheduling for reaping {actor_id=default, actor_owning_identity=O=Notary Service, L=Zurich, C=CH, actor_store_id=NODE_CONFIG, invocation_id=0424d107-9f5d-4af1-9e54-af6fbd551384, invocation_timestamp=2020-04-22T16:31:33.301Z, origin=default, session_id=0a6409b0-83d5-4ce8-aea8-b39b46af0580, session_timestamp=2020-04-22T16:31:33.102Z}
?[m?[37m[INFO] 17:31:43,358 [Test worker] hikari.HikariDataSource. - HikariPool-1 - Shutdown initiated...
?[m?[37m[INFO] 17:31:43,359 [Test worker] hikari.HikariDataSource. - HikariPool-1 - Shutdown completed.
?[m?[37m[INFO] 17:31:43,360 [Test worker] internal.Node. - Shutdown complete
?[m]]></system-out>
  <system-err><![CDATA[QUASAR WARNING: Assertions enabled. This may harm performance.
QUASAR WARNING: Fibers are set to verify instrumentation. This may *severely* harm performance.
]]></system-err>
</testsuite>
